#
# There is insufficient memory for the Java Runtime Environment to continue.
# Native memory allocation (malloc) failed to allocate 1166608 bytes for Chunk::new
# Possible reasons:
#   The system is out of physical RAM or swap space
#   The process is running with CompressedOops enabled, and the Java Heap may be blocking the growth of the native heap
# Possible solutions:
#   Reduce memory load on the system
#   Increase physical memory or swap space
#   Check if swap backing store is full
#   Decrease Java heap size (-Xmx/-Xms)
#   Decrease number of Java threads
#   Decrease Java thread stack sizes (-Xss)
#   Set larger code cache with -XX:ReservedCodeCacheSize=
#   JVM is running with Unscaled Compressed Oops mode in which the Java heap is
#     placed in the first 4GB address space. The Java Heap base address is the
#     maximum limit for the native heap growth. Please use -XX:HeapBaseMinAddress
#     to set the Java Heap base and to place the Java Heap above 4GB virtual address.
# This output file may be truncated or incomplete.
#
#  Out of Memory Error (./open/src/hotspot/share/memory/arena.cpp:195), pid=3516, tid=3672
#
# JRE version: Java(TM) SE Runtime Environment (15.0.1+9) (build 15.0.1+9-18)
# Java VM: Java HotSpot(TM) 64-Bit Server VM (15.0.1+9-18, mixed mode, sharing, tiered, compressed oops, g1 gc, windows-amd64)
# No core dump will be written. Minidumps are not enabled by default on client versions of Windows
#

---------------  S U M M A R Y ------------

Command Line: -Dclassworlds.conf=C:\Program Files\Apache Software Foundation\apache-maven-3.6.3\bin\..\bin\m2.conf -Dmaven.home=C:\Program Files\Apache Software Foundation\apache-maven-3.6.3\bin\.. -Dlibrary.jansi.path=C:\Program Files\Apache Software Foundation\apache-maven-3.6.3\bin\..\lib\jansi-native -Dmaven.multiModuleProjectDirectory=D:\All\Dev\Bingo org.codehaus.plexus.classworlds.launcher.Launcher package

Host: AMD Ryzen 5 1400 Quad-Core Processor           , 8 cores, 7G,  Windows 10 , 64 bit Build 19041 (10.0.19041.662)
Time: Tue Dec 29 21:51:35 2020 Paris, Madrid elapsed time: 4.195716 seconds (0d 0h 0m 4s)

---------------  T H R E A D  ---------------

Current thread (0x000001beb26da510):  JavaThread "C2 CompilerThread1" daemon [_thread_in_native, id=3672, stack(0x000000803fe00000,0x000000803ff00000)]


Current CompileTask:
C2:   4196 3205       4       org.eclipse.sisu.inject.LocatedBeans$Itr::hasNext (161 bytes)

Stack: [0x000000803fe00000,0x000000803ff00000]
Native frames: (J=compiled Java code, j=interpreted, Vv=VM code, C=native code)
V  [jvm.dll+0x62ae9a]
V  [jvm.dll+0x781389]
V  [jvm.dll+0x782ae3]
V  [jvm.dll+0x783143]
V  [jvm.dll+0x216265]
V  [jvm.dll+0x97efa]
V  [jvm.dll+0x985dc]
V  [jvm.dll+0x32e525]
V  [jvm.dll+0x2f78aa]
V  [jvm.dll+0x2f6c6a]
V  [jvm.dll+0x1ea645]
V  [jvm.dll+0x1e98ae]
V  [jvm.dll+0x1784c7]
V  [jvm.dll+0x1f9165]
V  [jvm.dll+0x1f720c]
V  [jvm.dll+0x74485d]
V  [jvm.dll+0x73d65a]
V  [jvm.dll+0x629c56]
C  [ucrtbase.dll+0x214c2]
C  [KERNEL32.DLL+0x17034]
C  [ntdll.dll+0x4d0d1]


---------------  P R O C E S S  ---------------

Threads class SMR info:
_java_thread_list=0x000001beb2944210, length=12, elements={
0x000001be924c2da0, 0x000001beb103d080, 0x000001beb103db60, 0x000001beb10590b0,
0x000001beb105ba80, 0x000001beb105d450, 0x000001beb106a1a0, 0x000001beb1072b60,
0x000001beb19c0060, 0x000001beb1ad0800, 0x000001beb1ad65f0, 0x000001beb26da510
}

Java Threads: ( => current thread )
  0x000001be924c2da0 JavaThread "main" [_thread_in_native, id=932, stack(0x000000803ec00000,0x000000803ed00000)]
  0x000001beb103d080 JavaThread "Reference Handler" daemon [_thread_blocked, id=10400, stack(0x000000803f300000,0x000000803f400000)]
  0x000001beb103db60 JavaThread "Finalizer" daemon [_thread_blocked, id=18132, stack(0x000000803f400000,0x000000803f500000)]
  0x000001beb10590b0 JavaThread "Signal Dispatcher" daemon [_thread_blocked, id=16388, stack(0x000000803f500000,0x000000803f600000)]
  0x000001beb105ba80 JavaThread "Attach Listener" daemon [_thread_blocked, id=17004, stack(0x000000803f600000,0x000000803f700000)]
  0x000001beb105d450 JavaThread "Service Thread" daemon [_thread_blocked, id=5508, stack(0x000000803f700000,0x000000803f800000)]
  0x000001beb106a1a0 JavaThread "C2 CompilerThread0" daemon [_thread_in_native, id=8412, stack(0x000000803f800000,0x000000803f900000)]
  0x000001beb1072b60 JavaThread "C1 CompilerThread0" daemon [_thread_blocked, id=3932, stack(0x000000803f900000,0x000000803fa00000)]
  0x000001beb19c0060 JavaThread "Sweeper thread" daemon [_thread_blocked, id=848, stack(0x000000803fa00000,0x000000803fb00000)]
  0x000001beb1ad0800 JavaThread "Notification Thread" daemon [_thread_blocked, id=8080, stack(0x000000803fb00000,0x000000803fc00000)]
  0x000001beb1ad65f0 JavaThread "Common-Cleaner" daemon [_thread_blocked, id=18728, stack(0x000000803fd00000,0x000000803fe00000)]
=>0x000001beb26da510 JavaThread "C2 CompilerThread1" daemon [_thread_in_native, id=3672, stack(0x000000803fe00000,0x000000803ff00000)]

Other Threads:
  0x000001beb10398e0 VMThread "VM Thread" [stack: 0x000000803f200000,0x000000803f300000] [id=19424]
  0x000001beb1ad3510 WatcherThread [stack: 0x000000803fc00000,0x000000803fd00000] [id=1932]
  0x000001be92502290 GCTaskThread "GC Thread#0" [stack: 0x000000803ed00000,0x000000803ee00000] [id=8268]
  0x000001beb1e04520 GCTaskThread "GC Thread#1" [stack: 0x000000803ff00000,0x0000008040000000] [id=5040]
  0x000001beb1e05ea0 GCTaskThread "GC Thread#2" [stack: 0x0000008040000000,0x0000008040100000] [id=2732]
  0x000001be925141c0 ConcurrentGCThread "G1 Main Marker" [stack: 0x000000803ee00000,0x000000803ef00000] [id=7892]
  0x000001be92516470 ConcurrentGCThread "G1 Conc#0" [stack: 0x000000803ef00000,0x000000803f000000] [id=12232]
  0x000001beb0eb20c0 ConcurrentGCThread "G1 Refine#0" [stack: 0x000000803f000000,0x000000803f100000] [id=18784]
  0x000001beb0eb2ad0 ConcurrentGCThread "G1 Young RemSet Sampling" [stack: 0x000000803f100000,0x000000803f200000] [id=16488]

Threads with active compile tasks:
C2 CompilerThread0     4244 3251   !   4       org.apache.maven.model.ConfigurationContainer::clone (98 bytes)
C2 CompilerThread1     4244 3205       4       org.eclipse.sisu.inject.LocatedBeans$Itr::hasNext (161 bytes)

VM state: not at safepoint (normal execution)

VM Mutex/Monitor currently owned by a thread: None

Heap address: 0x0000000080a00000, size: 2038 MB, Compressed Oops mode: 32-bit
CDS archive(s) mapped at: [0x0000000800000000-0x0000000800b50000-0x0000000800b50000), size 11862016, SharedBaseAddress: 0x0000000800000000, ArchiveRelocationMode: 0.
Compressed class space mapped at: 0x0000000800b50000-0x0000000840b50000, size: 1073741824
Narrow klass base: 0x0000000800000000, Narrow klass shift: 3, Narrow klass range: 0x100000000

GC Precious Log:
 CPUs: 8 total, 8 available
 Memory: 8146M
 Large Page Support: Disabled
 NUMA Support: Disabled
 Compressed Oops: Enabled (32-bit)
 Heap Region Size: 1M
 Heap Min Capacity: 8M
 Heap Initial Capacity: 128M
 Heap Max Capacity: 2038M
 Pre-touch: Disabled
 Parallel Workers: 8
 Concurrent Workers: 2
 Concurrent Refinement Workers: 8
 Periodic GC: Disabled

Heap:
 garbage-first heap   total 131072K, used 60813K [0x0000000080a00000, 0x0000000100000000)
  region size 1024K, 57 young (58368K), 2 survivors (2048K)
 Metaspace       used 14947K, capacity 15821K, committed 16000K, reserved 1062912K
  class space    used 1656K, capacity 1829K, committed 1920K, reserved 1048576K

Heap Regions: E=young(eden), S=young(survivor), O=old, HS=humongous(starts), HC=humongous(continues), CS=collection set, F=free, OA=open archive, CA=closed archive, TAMS=top-at-mark-start (previous, next)
|   0|0x0000000080a00000, 0x0000000080b00000, 0x0000000080b00000|100%| O|  |TAMS 0x0000000080a00000, 0x0000000080a00000| Untracked 
|   1|0x0000000080b00000, 0x0000000080c00000, 0x0000000080c00000|100%| O|  |TAMS 0x0000000080b00000, 0x0000000080b00000| Untracked 
|   2|0x0000000080c00000, 0x0000000080d00000, 0x0000000080d00000|100%| O|  |TAMS 0x0000000080c00000, 0x0000000080c00000| Untracked 
|   3|0x0000000080d00000, 0x0000000080d7d600, 0x0000000080e00000| 48%| O|  |TAMS 0x0000000080d00000, 0x0000000080d00000| Untracked 
|   4|0x0000000080e00000, 0x0000000080e00000, 0x0000000080f00000|  0%| F|  |TAMS 0x0000000080e00000, 0x0000000080e00000| Untracked 
|   5|0x0000000080f00000, 0x0000000080f00000, 0x0000000081000000|  0%| F|  |TAMS 0x0000000080f00000, 0x0000000080f00000| Untracked 
|   6|0x0000000081000000, 0x0000000081000000, 0x0000000081100000|  0%| F|  |TAMS 0x0000000081000000, 0x0000000081000000| Untracked 
|   7|0x0000000081100000, 0x0000000081100000, 0x0000000081200000|  0%| F|  |TAMS 0x0000000081100000, 0x0000000081100000| Untracked 
|   8|0x0000000081200000, 0x0000000081200000, 0x0000000081300000|  0%| F|  |TAMS 0x0000000081200000, 0x0000000081200000| Untracked 
|   9|0x0000000081300000, 0x0000000081300000, 0x0000000081400000|  0%| F|  |TAMS 0x0000000081300000, 0x0000000081300000| Untracked 
|  10|0x0000000081400000, 0x0000000081400000, 0x0000000081500000|  0%| F|  |TAMS 0x0000000081400000, 0x0000000081400000| Untracked 
|  11|0x0000000081500000, 0x0000000081500000, 0x0000000081600000|  0%| F|  |TAMS 0x0000000081500000, 0x0000000081500000| Untracked 
|  12|0x0000000081600000, 0x0000000081600000, 0x0000000081700000|  0%| F|  |TAMS 0x0000000081600000, 0x0000000081600000| Untracked 
|  13|0x0000000081700000, 0x0000000081700000, 0x0000000081800000|  0%| F|  |TAMS 0x0000000081700000, 0x0000000081700000| Untracked 
|  14|0x0000000081800000, 0x0000000081800000, 0x0000000081900000|  0%| F|  |TAMS 0x0000000081800000, 0x0000000081800000| Untracked 
|  15|0x0000000081900000, 0x0000000081900000, 0x0000000081a00000|  0%| F|  |TAMS 0x0000000081900000, 0x0000000081900000| Untracked 
|  16|0x0000000081a00000, 0x0000000081a00000, 0x0000000081b00000|  0%| F|  |TAMS 0x0000000081a00000, 0x0000000081a00000| Untracked 
|  17|0x0000000081b00000, 0x0000000081b00000, 0x0000000081c00000|  0%| F|  |TAMS 0x0000000081b00000, 0x0000000081b00000| Untracked 
|  18|0x0000000081c00000, 0x0000000081c00000, 0x0000000081d00000|  0%| F|  |TAMS 0x0000000081c00000, 0x0000000081c00000| Untracked 
|  19|0x0000000081d00000, 0x0000000081d00000, 0x0000000081e00000|  0%| F|  |TAMS 0x0000000081d00000, 0x0000000081d00000| Untracked 
|  20|0x0000000081e00000, 0x0000000081e00000, 0x0000000081f00000|  0%| F|  |TAMS 0x0000000081e00000, 0x0000000081e00000| Untracked 
|  21|0x0000000081f00000, 0x0000000081f00000, 0x0000000082000000|  0%| F|  |TAMS 0x0000000081f00000, 0x0000000081f00000| Untracked 
|  22|0x0000000082000000, 0x0000000082000000, 0x0000000082100000|  0%| F|  |TAMS 0x0000000082000000, 0x0000000082000000| Untracked 
|  23|0x0000000082100000, 0x0000000082100000, 0x0000000082200000|  0%| F|  |TAMS 0x0000000082100000, 0x0000000082100000| Untracked 
|  24|0x0000000082200000, 0x0000000082200000, 0x0000000082300000|  0%| F|  |TAMS 0x0000000082200000, 0x0000000082200000| Untracked 
|  25|0x0000000082300000, 0x0000000082300000, 0x0000000082400000|  0%| F|  |TAMS 0x0000000082300000, 0x0000000082300000| Untracked 
|  26|0x0000000082400000, 0x0000000082400000, 0x0000000082500000|  0%| F|  |TAMS 0x0000000082400000, 0x0000000082400000| Untracked 
|  27|0x0000000082500000, 0x0000000082500000, 0x0000000082600000|  0%| F|  |TAMS 0x0000000082500000, 0x0000000082500000| Untracked 
|  28|0x0000000082600000, 0x0000000082600000, 0x0000000082700000|  0%| F|  |TAMS 0x0000000082600000, 0x0000000082600000| Untracked 
|  29|0x0000000082700000, 0x0000000082700000, 0x0000000082800000|  0%| F|  |TAMS 0x0000000082700000, 0x0000000082700000| Untracked 
|  30|0x0000000082800000, 0x0000000082800000, 0x0000000082900000|  0%| F|  |TAMS 0x0000000082800000, 0x0000000082800000| Untracked 
|  31|0x0000000082900000, 0x0000000082900000, 0x0000000082a00000|  0%| F|  |TAMS 0x0000000082900000, 0x0000000082900000| Untracked 
|  32|0x0000000082a00000, 0x0000000082a00000, 0x0000000082b00000|  0%| F|  |TAMS 0x0000000082a00000, 0x0000000082a00000| Untracked 
|  33|0x0000000082b00000, 0x0000000082b00000, 0x0000000082c00000|  0%| F|  |TAMS 0x0000000082b00000, 0x0000000082b00000| Untracked 
|  34|0x0000000082c00000, 0x0000000082c00000, 0x0000000082d00000|  0%| F|  |TAMS 0x0000000082c00000, 0x0000000082c00000| Untracked 
|  35|0x0000000082d00000, 0x0000000082d00000, 0x0000000082e00000|  0%| F|  |TAMS 0x0000000082d00000, 0x0000000082d00000| Untracked 
|  36|0x0000000082e00000, 0x0000000082e00000, 0x0000000082f00000|  0%| F|  |TAMS 0x0000000082e00000, 0x0000000082e00000| Untracked 
|  37|0x0000000082f00000, 0x0000000082f00000, 0x0000000083000000|  0%| F|  |TAMS 0x0000000082f00000, 0x0000000082f00000| Untracked 
|  38|0x0000000083000000, 0x0000000083000000, 0x0000000083100000|  0%| F|  |TAMS 0x0000000083000000, 0x0000000083000000| Untracked 
|  39|0x0000000083100000, 0x0000000083100000, 0x0000000083200000|  0%| F|  |TAMS 0x0000000083100000, 0x0000000083100000| Untracked 
|  40|0x0000000083200000, 0x0000000083200000, 0x0000000083300000|  0%| F|  |TAMS 0x0000000083200000, 0x0000000083200000| Untracked 
|  41|0x0000000083300000, 0x0000000083300000, 0x0000000083400000|  0%| F|  |TAMS 0x0000000083300000, 0x0000000083300000| Untracked 
|  42|0x0000000083400000, 0x0000000083400000, 0x0000000083500000|  0%| F|  |TAMS 0x0000000083400000, 0x0000000083400000| Untracked 
|  43|0x0000000083500000, 0x0000000083500000, 0x0000000083600000|  0%| F|  |TAMS 0x0000000083500000, 0x0000000083500000| Untracked 
|  44|0x0000000083600000, 0x0000000083600000, 0x0000000083700000|  0%| F|  |TAMS 0x0000000083600000, 0x0000000083600000| Untracked 
|  45|0x0000000083700000, 0x0000000083700000, 0x0000000083800000|  0%| F|  |TAMS 0x0000000083700000, 0x0000000083700000| Untracked 
|  46|0x0000000083800000, 0x0000000083800000, 0x0000000083900000|  0%| F|  |TAMS 0x0000000083800000, 0x0000000083800000| Untracked 
|  47|0x0000000083900000, 0x0000000083900000, 0x0000000083a00000|  0%| F|  |TAMS 0x0000000083900000, 0x0000000083900000| Untracked 
|  48|0x0000000083a00000, 0x0000000083a00000, 0x0000000083b00000|  0%| F|  |TAMS 0x0000000083a00000, 0x0000000083a00000| Untracked 
|  49|0x0000000083b00000, 0x0000000083b00000, 0x0000000083c00000|  0%| F|  |TAMS 0x0000000083b00000, 0x0000000083b00000| Untracked 
|  50|0x0000000083c00000, 0x0000000083c00000, 0x0000000083d00000|  0%| F|  |TAMS 0x0000000083c00000, 0x0000000083c00000| Untracked 
|  51|0x0000000083d00000, 0x0000000083d00000, 0x0000000083e00000|  0%| F|  |TAMS 0x0000000083d00000, 0x0000000083d00000| Untracked 
|  52|0x0000000083e00000, 0x0000000083e00000, 0x0000000083f00000|  0%| F|  |TAMS 0x0000000083e00000, 0x0000000083e00000| Untracked 
|  53|0x0000000083f00000, 0x0000000083f00000, 0x0000000084000000|  0%| F|  |TAMS 0x0000000083f00000, 0x0000000083f00000| Untracked 
|  54|0x0000000084000000, 0x0000000084000000, 0x0000000084100000|  0%| F|  |TAMS 0x0000000084000000, 0x0000000084000000| Untracked 
|  55|0x0000000084100000, 0x0000000084100000, 0x0000000084200000|  0%| F|  |TAMS 0x0000000084100000, 0x0000000084100000| Untracked 
|  56|0x0000000084200000, 0x0000000084200000, 0x0000000084300000|  0%| F|  |TAMS 0x0000000084200000, 0x0000000084200000| Untracked 
|  57|0x0000000084300000, 0x0000000084300000, 0x0000000084400000|  0%| F|  |TAMS 0x0000000084300000, 0x0000000084300000| Untracked 
|  58|0x0000000084400000, 0x0000000084400000, 0x0000000084500000|  0%| F|  |TAMS 0x0000000084400000, 0x0000000084400000| Untracked 
|  59|0x0000000084500000, 0x0000000084500000, 0x0000000084600000|  0%| F|  |TAMS 0x0000000084500000, 0x0000000084500000| Untracked 
|  60|0x0000000084600000, 0x0000000084600000, 0x0000000084700000|  0%| F|  |TAMS 0x0000000084600000, 0x0000000084600000| Untracked 
|  61|0x0000000084700000, 0x0000000084700000, 0x0000000084800000|  0%| F|  |TAMS 0x0000000084700000, 0x0000000084700000| Untracked 
|  62|0x0000000084800000, 0x0000000084800000, 0x0000000084900000|  0%| F|  |TAMS 0x0000000084800000, 0x0000000084800000| Untracked 
|  63|0x0000000084900000, 0x0000000084900000, 0x0000000084a00000|  0%| F|  |TAMS 0x0000000084900000, 0x0000000084900000| Untracked 
|  64|0x0000000084a00000, 0x0000000084a00000, 0x0000000084b00000|  0%| F|  |TAMS 0x0000000084a00000, 0x0000000084a00000| Untracked 
|  65|0x0000000084b00000, 0x0000000084b00000, 0x0000000084c00000|  0%| F|  |TAMS 0x0000000084b00000, 0x0000000084b00000| Untracked 
|  66|0x0000000084c00000, 0x0000000084c00000, 0x0000000084d00000|  0%| F|  |TAMS 0x0000000084c00000, 0x0000000084c00000| Untracked 
|  67|0x0000000084d00000, 0x0000000084d00000, 0x0000000084e00000|  0%| F|  |TAMS 0x0000000084d00000, 0x0000000084d00000| Untracked 
|  68|0x0000000084e00000, 0x0000000084e00000, 0x0000000084f00000|  0%| F|  |TAMS 0x0000000084e00000, 0x0000000084e00000| Untracked 
|  69|0x0000000084f00000, 0x0000000084f00000, 0x0000000085000000|  0%| F|  |TAMS 0x0000000084f00000, 0x0000000084f00000| Untracked 
|  70|0x0000000085000000, 0x0000000085000000, 0x0000000085100000|  0%| F|  |TAMS 0x0000000085000000, 0x0000000085000000| Untracked 
|  71|0x0000000085100000, 0x0000000085200000, 0x0000000085200000|100%| E|  |TAMS 0x0000000085100000, 0x0000000085100000| Complete 
|  72|0x0000000085200000, 0x0000000085300000, 0x0000000085300000|100%| E|CS|TAMS 0x0000000085200000, 0x0000000085200000| Complete 
|  73|0x0000000085300000, 0x0000000085400000, 0x0000000085400000|100%| E|CS|TAMS 0x0000000085300000, 0x0000000085300000| Complete 
|  74|0x0000000085400000, 0x0000000085500000, 0x0000000085500000|100%| E|CS|TAMS 0x0000000085400000, 0x0000000085400000| Complete 
|  75|0x0000000085500000, 0x0000000085600000, 0x0000000085600000|100%| E|CS|TAMS 0x0000000085500000, 0x0000000085500000| Complete 
|  76|0x0000000085600000, 0x0000000085700000, 0x0000000085700000|100%| E|CS|TAMS 0x0000000085600000, 0x0000000085600000| Complete 
|  77|0x0000000085700000, 0x0000000085800000, 0x0000000085800000|100%| E|CS|TAMS 0x0000000085700000, 0x0000000085700000| Complete 
|  78|0x0000000085800000, 0x0000000085900000, 0x0000000085900000|100%| E|CS|TAMS 0x0000000085800000, 0x0000000085800000| Complete 
|  79|0x0000000085900000, 0x0000000085a00000, 0x0000000085a00000|100%| E|CS|TAMS 0x0000000085900000, 0x0000000085900000| Complete 
|  80|0x0000000085a00000, 0x0000000085b00000, 0x0000000085b00000|100%| E|CS|TAMS 0x0000000085a00000, 0x0000000085a00000| Complete 
|  81|0x0000000085b00000, 0x0000000085c00000, 0x0000000085c00000|100%| E|CS|TAMS 0x0000000085b00000, 0x0000000085b00000| Complete 
|  82|0x0000000085c00000, 0x0000000085d00000, 0x0000000085d00000|100%| E|CS|TAMS 0x0000000085c00000, 0x0000000085c00000| Complete 
|  83|0x0000000085d00000, 0x0000000085e00000, 0x0000000085e00000|100%| E|CS|TAMS 0x0000000085d00000, 0x0000000085d00000| Complete 
|  84|0x0000000085e00000, 0x0000000085f00000, 0x0000000085f00000|100%| E|CS|TAMS 0x0000000085e00000, 0x0000000085e00000| Complete 
|  85|0x0000000085f00000, 0x0000000086000000, 0x0000000086000000|100%| E|CS|TAMS 0x0000000085f00000, 0x0000000085f00000| Complete 
|  86|0x0000000086000000, 0x0000000086100000, 0x0000000086100000|100%| E|CS|TAMS 0x0000000086000000, 0x0000000086000000| Complete 
|  87|0x0000000086100000, 0x0000000086200000, 0x0000000086200000|100%| E|CS|TAMS 0x0000000086100000, 0x0000000086100000| Complete 
|  88|0x0000000086200000, 0x0000000086300000, 0x0000000086300000|100%| E|CS|TAMS 0x0000000086200000, 0x0000000086200000| Complete 
|  89|0x0000000086300000, 0x0000000086400000, 0x0000000086400000|100%| E|CS|TAMS 0x0000000086300000, 0x0000000086300000| Complete 
|  90|0x0000000086400000, 0x0000000086500000, 0x0000000086500000|100%| E|CS|TAMS 0x0000000086400000, 0x0000000086400000| Complete 
|  91|0x0000000086500000, 0x0000000086600000, 0x0000000086600000|100%| E|CS|TAMS 0x0000000086500000, 0x0000000086500000| Complete 
|  92|0x0000000086600000, 0x0000000086700000, 0x0000000086700000|100%| E|CS|TAMS 0x0000000086600000, 0x0000000086600000| Complete 
|  93|0x0000000086700000, 0x00000000867e5e80, 0x0000000086800000| 89%| S|CS|TAMS 0x0000000086700000, 0x0000000086700000| Complete 
|  94|0x0000000086800000, 0x0000000086900000, 0x0000000086900000|100%| S|CS|TAMS 0x0000000086800000, 0x0000000086800000| Complete 
|  95|0x0000000086900000, 0x0000000086a00000, 0x0000000086a00000|100%| E|CS|TAMS 0x0000000086900000, 0x0000000086900000| Complete 
|  96|0x0000000086a00000, 0x0000000086b00000, 0x0000000086b00000|100%| E|CS|TAMS 0x0000000086a00000, 0x0000000086a00000| Complete 
|  97|0x0000000086b00000, 0x0000000086c00000, 0x0000000086c00000|100%| E|CS|TAMS 0x0000000086b00000, 0x0000000086b00000| Complete 
|  98|0x0000000086c00000, 0x0000000086d00000, 0x0000000086d00000|100%| E|CS|TAMS 0x0000000086c00000, 0x0000000086c00000| Complete 
|  99|0x0000000086d00000, 0x0000000086e00000, 0x0000000086e00000|100%| E|CS|TAMS 0x0000000086d00000, 0x0000000086d00000| Complete 
| 100|0x0000000086e00000, 0x0000000086f00000, 0x0000000086f00000|100%| E|CS|TAMS 0x0000000086e00000, 0x0000000086e00000| Complete 
| 101|0x0000000086f00000, 0x0000000087000000, 0x0000000087000000|100%| E|CS|TAMS 0x0000000086f00000, 0x0000000086f00000| Complete 
| 102|0x0000000087000000, 0x0000000087100000, 0x0000000087100000|100%| E|CS|TAMS 0x0000000087000000, 0x0000000087000000| Complete 
| 103|0x0000000087100000, 0x0000000087200000, 0x0000000087200000|100%| E|CS|TAMS 0x0000000087100000, 0x0000000087100000| Complete 
| 104|0x0000000087200000, 0x0000000087300000, 0x0000000087300000|100%| E|CS|TAMS 0x0000000087200000, 0x0000000087200000| Complete 
| 105|0x0000000087300000, 0x0000000087400000, 0x0000000087400000|100%| E|CS|TAMS 0x0000000087300000, 0x0000000087300000| Complete 
| 106|0x0000000087400000, 0x0000000087500000, 0x0000000087500000|100%| E|CS|TAMS 0x0000000087400000, 0x0000000087400000| Complete 
| 107|0x0000000087500000, 0x0000000087600000, 0x0000000087600000|100%| E|CS|TAMS 0x0000000087500000, 0x0000000087500000| Complete 
| 108|0x0000000087600000, 0x0000000087700000, 0x0000000087700000|100%| E|CS|TAMS 0x0000000087600000, 0x0000000087600000| Complete 
| 109|0x0000000087700000, 0x0000000087800000, 0x0000000087800000|100%| E|CS|TAMS 0x0000000087700000, 0x0000000087700000| Complete 
| 110|0x0000000087800000, 0x0000000087900000, 0x0000000087900000|100%| E|CS|TAMS 0x0000000087800000, 0x0000000087800000| Complete 
| 111|0x0000000087900000, 0x0000000087a00000, 0x0000000087a00000|100%| E|CS|TAMS 0x0000000087900000, 0x0000000087900000| Complete 
| 112|0x0000000087a00000, 0x0000000087b00000, 0x0000000087b00000|100%| E|CS|TAMS 0x0000000087a00000, 0x0000000087a00000| Complete 
| 113|0x0000000087b00000, 0x0000000087c00000, 0x0000000087c00000|100%| E|CS|TAMS 0x0000000087b00000, 0x0000000087b00000| Complete 
| 114|0x0000000087c00000, 0x0000000087d00000, 0x0000000087d00000|100%| E|CS|TAMS 0x0000000087c00000, 0x0000000087c00000| Complete 
| 115|0x0000000087d00000, 0x0000000087e00000, 0x0000000087e00000|100%| E|CS|TAMS 0x0000000087d00000, 0x0000000087d00000| Complete 
| 116|0x0000000087e00000, 0x0000000087f00000, 0x0000000087f00000|100%| E|CS|TAMS 0x0000000087e00000, 0x0000000087e00000| Complete 
| 117|0x0000000087f00000, 0x0000000088000000, 0x0000000088000000|100%| E|CS|TAMS 0x0000000087f00000, 0x0000000087f00000| Complete 
| 118|0x0000000088000000, 0x0000000088100000, 0x0000000088100000|100%| E|CS|TAMS 0x0000000088000000, 0x0000000088000000| Complete 
| 119|0x0000000088100000, 0x0000000088200000, 0x0000000088200000|100%| E|CS|TAMS 0x0000000088100000, 0x0000000088100000| Complete 
| 120|0x0000000088200000, 0x0000000088300000, 0x0000000088300000|100%| E|CS|TAMS 0x0000000088200000, 0x0000000088200000| Complete 
| 121|0x0000000088300000, 0x0000000088400000, 0x0000000088400000|100%| E|CS|TAMS 0x0000000088300000, 0x0000000088300000| Complete 
| 122|0x0000000088400000, 0x0000000088500000, 0x0000000088500000|100%| E|CS|TAMS 0x0000000088400000, 0x0000000088400000| Complete 
| 123|0x0000000088500000, 0x0000000088600000, 0x0000000088600000|100%| E|CS|TAMS 0x0000000088500000, 0x0000000088500000| Complete 
| 124|0x0000000088600000, 0x0000000088700000, 0x0000000088700000|100%| E|CS|TAMS 0x0000000088600000, 0x0000000088600000| Complete 
| 125|0x0000000088700000, 0x0000000088800000, 0x0000000088800000|100%| E|CS|TAMS 0x0000000088700000, 0x0000000088700000| Complete 
| 126|0x0000000088800000, 0x0000000088900000, 0x0000000088900000|100%| E|CS|TAMS 0x0000000088800000, 0x0000000088800000| Complete 
| 127|0x0000000088900000, 0x0000000088a00000, 0x0000000088a00000|100%| E|CS|TAMS 0x0000000088900000, 0x0000000088900000| Complete 

Card table byte_map: [0x000001bea9e40000,0x000001beaa240000] _byte_map_base: 0x000001bea9a3b000

Marking Bits (Prev, Next): (CMBitMap*) 0x000001be925039a0, (CMBitMap*) 0x000001be925039e0
 Prev Bits: [0x000001beaa640000, 0x000001beac618000)
 Next Bits: [0x000001beac620000, 0x000001beae5f8000)

Polling page: 0x000001be90650000

Metaspace:

Usage:
  Non-class:     13.66 MB capacity,    12.98 MB ( 95%) used,   685.55 KB (  5%) free+waste,    14.25 KB ( <1%) overhead. 
      Class:      1.79 MB capacity,     1.62 MB ( 91%) used,   166.38 KB (  9%) free+waste,     5.81 KB ( <1%) overhead. 
       Both:     15.45 MB capacity,    14.60 MB ( 94%) used,   851.92 KB (  5%) free+waste,    20.06 KB ( <1%) overhead. 

Virtual space:
  Non-class space:       14.00 MB reserved,      13.75 MB ( 98%) committed 
      Class space:        1.00 GB reserved,       1.88 MB ( <1%) committed 
             Both:        1.01 GB reserved,      15.62 MB (  2%) committed 

Chunk freelists:
   Non-Class:  24.00 KB
       Class:  27.00 KB
        Both:  51.00 KB

MaxMetaspaceSize: 17179869184.00 GB
CompressedClassSpaceSize: 1.00 GB

CodeHeap 'non-profiled nmethods': size=120000Kb used=1490Kb max_used=1490Kb free=118509Kb
 bounds [0x000001bea21d0000, 0x000001bea2440000, 0x000001bea9700000]
CodeHeap 'profiled nmethods': size=120000Kb used=6285Kb max_used=6285Kb free=113714Kb
 bounds [0x000001be9aca0000, 0x000001be9b2d0000, 0x000001bea21d0000]
CodeHeap 'non-nmethods': size=5760Kb used=1208Kb max_used=1243Kb free=4551Kb
 bounds [0x000001be9a700000, 0x000001be9a970000, 0x000001be9aca0000]
 total_blobs=3773 nmethods=3302 adapters=383
 compilation: enabled
              stopped_count=0, restarted_count=0
 full_count=0

Compilation events (20 events):
Event: 4.181 Thread 0x000001beb1072b60 3249       1       org.apache.maven.model.profile.DefaultProfileActivationContext::getUserProperties (5 bytes)
Event: 4.181 Thread 0x000001beb1072b60 nmethod 3249 0x000001bea233dc90 code [0x000001bea233de20, 0x000001bea233ded8]
Event: 4.181 Thread 0x000001beb1072b60 3250   !   3       org.apache.maven.model.profile.DefaultProfileSelector::isActive (187 bytes)
Event: 4.182 Thread 0x000001beb1072b60 nmethod 3250 0x000001be9b2a9910 code [0x000001be9b2a9c60, 0x000001be9b2ab0b8]
Event: 4.182 Thread 0x000001beb1072b60 3252   !   3       jdk.internal.reflect.GeneratedMethodAccessor1::invoke (61 bytes)
Event: 4.183 Thread 0x000001beb1072b60 nmethod 3252 0x000001be9b2ab790 code [0x000001be9b2ab9a0, 0x000001be9b2ac028]
Event: 4.183 Thread 0x000001beb1072b60 3253       3       java.util.HashSet::toArray (16 bytes)
Event: 4.183 Thread 0x000001beb1072b60 nmethod 3253 0x000001be9b2ac310 code [0x000001be9b2ac4c0, 0x000001be9b2ac6b8]
Event: 4.183 Thread 0x000001beb1072b60 3257       3       org.eclipse.aether.util.repository.DefaultMirrorSelector::findMirror (149 bytes)
Event: 4.183 Thread 0x000001beb1072b60 nmethod 3257 0x000001be9b2ac790 code [0x000001be9b2aca40, 0x000001be9b2ad848]
Event: 4.183 Thread 0x000001beb1072b60 3254       1       org.eclipse.aether.graph.DefaultDependencyNode::setVersionConstraint (6 bytes)
Event: 4.184 Thread 0x000001beb1072b60 nmethod 3254 0x000001bea233df90 code [0x000001bea233e120, 0x000001bea233e218]
Event: 4.184 Thread 0x000001beb1072b60 3255       1       org.eclipse.aether.graph.DefaultDependencyNode::setVersion (6 bytes)
Event: 4.184 Thread 0x000001beb1072b60 nmethod 3255 0x000001bea233e290 code [0x000001bea233e420, 0x000001bea233e518]
Event: 4.184 Thread 0x000001beb1072b60 3256       1       org.eclipse.aether.resolution.VersionRangeRequest::getRepositories (5 bytes)
Event: 4.184 Thread 0x000001beb1072b60 nmethod 3256 0x000001bea233e590 code [0x000001bea233e720, 0x000001bea233e7d8]
Event: 4.184 Thread 0x000001beb1072b60 3258       1       org.apache.maven.model.building.DefaultModelBuildingRequest::isLocationTracking (5 bytes)
Event: 4.184 Thread 0x000001beb1072b60 nmethod 3258 0x000001bea233e890 code [0x000001bea233ea20, 0x000001bea233ead8]
Event: 4.188 Thread 0x000001beb1072b60 3259       3       java.util.Properties::getProperty (16 bytes)
Event: 4.189 Thread 0x000001beb1072b60 nmethod 3259 0x000001be9b2add10 code [0x000001be9b2adec0, 0x000001be9b2ae0e8]

GC Heap History (4 events):
Event: 0.923 GC heap before
{Heap before GC invocations=0 (full 0):
 garbage-first heap   total 131072K, used 22528K [0x0000000080a00000, 0x0000000100000000)
  region size 1024K, 23 young (23552K), 0 survivors (0K)
 Metaspace       used 5146K, capacity 7734K, committed 7808K, reserved 1056768K
  class space    used 588K, capacity 854K, committed 896K, reserved 1048576K
}
Event: 0.931 GC heap after
{Heap after GC invocations=1 (full 0):
 garbage-first heap   total 131072K, used 3547K [0x0000000080a00000, 0x0000000100000000)
  region size 1024K, 3 young (3072K), 3 survivors (3072K)
 Metaspace       used 5146K, capacity 7734K, committed 7808K, reserved 1056768K
  class space    used 588K, capacity 854K, committed 896K, reserved 1048576K
}
Event: 1.846 GC heap before
{Heap before GC invocations=1 (full 0):
 garbage-first heap   total 131072K, used 34267K [0x0000000080a00000, 0x0000000100000000)
  region size 1024K, 33 young (33792K), 3 survivors (3072K)
 Metaspace       used 9801K, capacity 11950K, committed 12288K, reserved 1060864K
  class space    used 1173K, capacity 1444K, committed 1536K, reserved 1048576K
}
Event: 1.854 GC heap after
{Heap after GC invocations=2 (full 0):
 garbage-first heap   total 131072K, used 5517K [0x0000000080a00000, 0x0000000100000000)
  region size 1024K, 2 young (2048K), 2 survivors (2048K)
 Metaspace       used 9801K, capacity 11950K, committed 12288K, reserved 1060864K
  class space    used 1173K, capacity 1444K, committed 1536K, reserved 1048576K
}

Deoptimization events (20 events):
Event: 3.901 Thread 0x000001be924c2da0 DEOPT PACKING pc=0x000001bea228510c sp=0x000000803ecfd540
Event: 3.901 Thread 0x000001be924c2da0 DEOPT UNPACKING pc=0x000001be9a74e42f sp=0x000000803ecfd4c8 mode 2
Event: 3.901 Thread 0x000001be924c2da0 Uncommon trap: trap_request=0xffffffde fr.pc=0x000001bea228510c relative=0x000000000000006c
Event: 3.901 Thread 0x000001be924c2da0 Uncommon trap: reason=class_check action=maybe_recompile pc=0x000001bea228510c method=com.google.inject.internal.LinkedBindingImpl.acceptTargetVisitor(Lcom/google/inject/spi/BindingTargetVisitor;)Ljava/lang/Object; @ 2 c2
Event: 3.901 Thread 0x000001be924c2da0 DEOPT PACKING pc=0x000001bea228510c sp=0x000000803ecfd540
Event: 3.901 Thread 0x000001be924c2da0 DEOPT UNPACKING pc=0x000001be9a74e42f sp=0x000000803ecfd4c8 mode 2
Event: 3.929 Thread 0x000001be924c2da0 Uncommon trap: trap_request=0xffffffde fr.pc=0x000001bea228510c relative=0x000000000000006c
Event: 3.929 Thread 0x000001be924c2da0 Uncommon trap: reason=class_check action=maybe_recompile pc=0x000001bea228510c method=com.google.inject.internal.LinkedBindingImpl.acceptTargetVisitor(Lcom/google/inject/spi/BindingTargetVisitor;)Ljava/lang/Object; @ 2 c2
Event: 3.929 Thread 0x000001be924c2da0 DEOPT PACKING pc=0x000001bea228510c sp=0x000000803ecfd540
Event: 3.929 Thread 0x000001be924c2da0 DEOPT UNPACKING pc=0x000001be9a74e42f sp=0x000000803ecfd4c8 mode 2
Event: 3.929 Thread 0x000001be924c2da0 Uncommon trap: trap_request=0xffffffde fr.pc=0x000001bea228510c relative=0x000000000000006c
Event: 3.929 Thread 0x000001be924c2da0 Uncommon trap: reason=class_check action=maybe_recompile pc=0x000001bea228510c method=com.google.inject.internal.LinkedBindingImpl.acceptTargetVisitor(Lcom/google/inject/spi/BindingTargetVisitor;)Ljava/lang/Object; @ 2 c2
Event: 3.929 Thread 0x000001be924c2da0 DEOPT PACKING pc=0x000001bea228510c sp=0x000000803ecfd540
Event: 3.929 Thread 0x000001be924c2da0 DEOPT UNPACKING pc=0x000001be9a74e42f sp=0x000000803ecfd4c8 mode 2
Event: 3.980 Thread 0x000001be924c2da0 DEOPT PACKING pc=0x000001be9ad66794 sp=0x000000803ecf7c50
Event: 3.980 Thread 0x000001be924c2da0 DEOPT UNPACKING pc=0x000001be9a74e23f sp=0x000000803ecf7088 mode 0
Event: 3.980 Thread 0x000001be924c2da0 DEOPT PACKING pc=0x000001be9ad663cc sp=0x000000803ecf7cc0
Event: 3.980 Thread 0x000001be924c2da0 DEOPT UNPACKING pc=0x000001be9a74e23f sp=0x000000803ecf7168 mode 0
Event: 4.174 Thread 0x000001be924c2da0 DEOPT PACKING pc=0x000001be9afe7619 sp=0x000000803ecfcab0
Event: 4.174 Thread 0x000001be924c2da0 DEOPT UNPACKING pc=0x000001be9a74e23f sp=0x000000803ecfbfa0 mode 0

Classes unloaded (0 events):
No events

Classes redefined (0 events):
No events

Internal exceptions (14 events):
Event: 0.576 Thread 0x000001be924c2da0 Exception <a 'java/lang/NoSuchMethodError'{0x00000000880d9678}: 'void java.lang.invoke.DirectMethodHandle$Holder.invokeSpecial(java.lang.Object, java.lang.Object, java.lang.Object)'> (0x00000000880d9678) 
thrown [./open/src/hotspot/share/interpreter/linkResolver.cpp, line 782]
Event: 0.757 Thread 0x000001be924c2da0 Exception <a 'java/lang/NoSuchMethodError'{0x0000000087a41bd0}: 'java.lang.Object java.lang.invoke.DirectMethodHandle$Holder.newInvokeSpecial(java.lang.Object, java.lang.Object, java.lang.Object, java.lang.Object, java.lang.Object)'> (0x0000000087a41bd0) 
thrown [./open/src/hotspot/share/interpreter/linkResolver.cpp, line 782]
Event: 1.913 Thread 0x000001be924c2da0 Exception <a 'java/lang/NoClassDefFoundError'{0x00000000887669d0}: com/google/inject/servlet/ServletModuleTargetVisitor> (0x00000000887669d0) 
thrown [./open/src/hotspot/share/classfile/systemDictionary.cpp, line 284]
Event: 1.913 Thread 0x000001be924c2da0 Exception <a 'java/lang/NoClassDefFoundError'{0x00000000887689b0}: javax/annotation/Priority> (0x00000000887689b0) 
thrown [./open/src/hotspot/share/classfile/systemDictionary.cpp, line 284]
Event: 1.983 Thread 0x000001be924c2da0 Exception <a 'java/lang/NoSuchMethodError'{0x0000000088697e28}: 'void java.lang.invoke.DirectMethodHandle$Holder.invokeStatic(java.lang.Object, java.lang.Object)'> (0x0000000088697e28) 
thrown [./open/src/hotspot/share/interpreter/linkResolver.cpp, line 782]
Event: 1.984 Thread 0x000001be924c2da0 Exception <a 'java/lang/NoSuchMethodError'{0x000000008869c820}: 'void java.lang.invoke.DirectMethodHandle$Holder.invokeStaticInit(java.lang.Object, java.lang.Object)'> (0x000000008869c820) 
thrown [./open/src/hotspot/share/interpreter/linkResolver.cpp, line 782]
Event: 1.991 Thread 0x000001be924c2da0 Exception <a 'java/lang/NoSuchMethodError'{0x00000000886c4cb8}: 'java.lang.Object java.lang.invoke.DirectMethodHandle$Holder.invokeStatic(java.lang.Object)'> (0x00000000886c4cb8) 
thrown [./open/src/hotspot/share/interpreter/linkResolver.cpp, line 782]
Event: 1.994 Thread 0x000001be924c2da0 Exception <a 'java/lang/NoSuchMethodError'{0x00000000886cfd58}: 'java.lang.Object java.lang.invoke.DirectMethodHandle$Holder.invokeStaticInit(java.lang.Object, int, int, int, int)'> (0x00000000886cfd58) 
thrown [./open/src/hotspot/share/interpreter/linkResolver.cpp, line 782]
Event: 2.260 Thread 0x000001be924c2da0 Exception <a 'sun/nio/fs/WindowsException'{0x00000000882d0a08}> (0x00000000882d0a08) 
thrown [./open/src/hotspot/share/prims/jni.cpp, line 578]
Event: 3.145 Thread 0x000001be924c2da0 Implicit null exception at 0x000001bea22919f6 to 0x000001bea2291d9c
Event: 3.348 Thread 0x000001be924c2da0 Implicit null exception at 0x000001bea228f358 to 0x000001bea228f3ea
Event: 3.353 Thread 0x000001be924c2da0 Implicit null exception at 0x000001bea225aa2f to 0x000001bea225aaa9
Event: 3.415 Thread 0x000001be924c2da0 Implicit null exception at 0x000001bea226b36a to 0x000001bea226b518
Event: 3.415 Thread 0x000001be924c2da0 Implicit null exception at 0x000001bea22666ea to 0x000001bea22668a4

Events (20 events):
Event: 3.212 Executing VM operation: ICBufferFull
Event: 3.212 Executing VM operation: ICBufferFull done
Event: 3.226 loading class sun/nio/cs/ISO_8859_1$Decoder
Event: 3.226 loading class sun/nio/cs/ISO_8859_1$Decoder done
Event: 3.651 Executing VM operation: ICBufferFull
Event: 3.651 Executing VM operation: ICBufferFull done
Event: 3.909 loading class java/io/PrintWriter
Event: 3.909 loading class java/io/PrintWriter done
Event: 3.956 Executing VM operation: ICBufferFull
Event: 3.956 Executing VM operation: ICBufferFull done
Event: 3.973 loading class java/net/URISyntaxException
Event: 3.973 loading class java/net/URISyntaxException done
Event: 3.980 Executing VM operation: HandshakeAllThreads
Event: 3.980 Executing VM operation: HandshakeAllThreads done
Event: 3.992 loading class jdk/internal/reflect/UnsafeBooleanFieldAccessorImpl
Event: 3.993 loading class jdk/internal/reflect/UnsafeBooleanFieldAccessorImpl done
Event: 4.026 loading class java/io/FileWriter
Event: 4.026 loading class java/io/FileWriter done
Event: 4.026 Executing VM operation: HandshakeAllThreads
Event: 4.026 Executing VM operation: HandshakeAllThreads done


Dynamic libraries:
0x00007ff6991b0000 - 0x00007ff6991bf000 	C:\Program Files\Java\jdk-15.0.1\bin\java.exe
0x00007ffa6fe30000 - 0x00007ffa70026000 	C:\Windows\SYSTEM32\ntdll.dll
0x00007ffa6fba0000 - 0x00007ffa6fc5d000 	C:\Windows\System32\KERNEL32.DLL
0x00007ffa6d570000 - 0x00007ffa6d839000 	C:\Windows\System32\KERNELBASE.dll
0x00007ffa6dd90000 - 0x00007ffa6de90000 	C:\Windows\System32\ucrtbase.dll
0x00007ffa5ff70000 - 0x00007ffa5ff89000 	C:\Program Files\Java\jdk-15.0.1\bin\VCRUNTIME140.dll
0x00007ffa62bd0000 - 0x00007ffa62be8000 	C:\Program Files\Java\jdk-15.0.1\bin\jli.dll
0x00007ffa6e040000 - 0x00007ffa6e0ec000 	C:\Windows\System32\ADVAPI32.dll
0x00007ffa6f740000 - 0x00007ffa6f7de000 	C:\Windows\System32\msvcrt.dll
0x00007ffa6e620000 - 0x00007ffa6e6bc000 	C:\Windows\System32\sechost.dll
0x00007ffa6fcc0000 - 0x00007ffa6fdeb000 	C:\Windows\System32\RPCRT4.dll
0x00007ffa6e0f0000 - 0x00007ffa6e290000 	C:\Windows\System32\USER32.dll
0x00007ffa6dbe0000 - 0x00007ffa6dc02000 	C:\Windows\System32\win32u.dll
0x00007ffa60da0000 - 0x00007ffa6103b000 	C:\Windows\WinSxS\amd64_microsoft.windows.common-controls_6595b64144ccf1df_6.0.19041.488_none_ca04af081b815d21\COMCTL32.dll
0x00007ffa6e010000 - 0x00007ffa6e03a000 	C:\Windows\System32\GDI32.dll
0x00007ffa6d840000 - 0x00007ffa6d949000 	C:\Windows\System32\gdi32full.dll
0x00007ffa6dc10000 - 0x00007ffa6dcad000 	C:\Windows\System32\msvcp_win.dll
0x00007ffa681e0000 - 0x00007ffa681ea000 	C:\Windows\SYSTEM32\VERSION.dll
0x00007ffa6f500000 - 0x00007ffa6f530000 	C:\Windows\System32\IMM32.DLL
0x00007ffa69310000 - 0x00007ffa6931c000 	C:\Program Files\Java\jdk-15.0.1\bin\vcruntime140_1.dll
0x00007ffa5fed0000 - 0x00007ffa5ff61000 	C:\Program Files\Java\jdk-15.0.1\bin\msvcp140.dll
0x00007ff9fa020000 - 0x00007ff9fab7e000 	C:\Program Files\Java\jdk-15.0.1\bin\server\jvm.dll
0x00007ffa6e610000 - 0x00007ffa6e618000 	C:\Windows\System32\PSAPI.DLL
0x00007ffa63040000 - 0x00007ffa63067000 	C:\Windows\SYSTEM32\WINMM.dll
0x00007ffa485d0000 - 0x00007ffa485d9000 	C:\Windows\SYSTEM32\WSOCK32.dll
0x00007ffa6e7a0000 - 0x00007ffa6e80b000 	C:\Windows\System32\WS2_32.dll
0x00007ffa6b4e0000 - 0x00007ffa6b4f2000 	C:\Windows\SYSTEM32\kernel.appcore.dll
0x00007ffa62bc0000 - 0x00007ffa62bca000 	C:\Program Files\Java\jdk-15.0.1\bin\jimage.dll
0x00007ffa5a4e0000 - 0x00007ffa5a6c4000 	C:\Windows\SYSTEM32\DBGHELP.DLL
0x00007ffa5acd0000 - 0x00007ffa5acfc000 	C:\Windows\SYSTEM32\dbgcore.DLL
0x00007ffa6dd10000 - 0x00007ffa6dd90000 	C:\Windows\System32\bcryptPrimitives.dll
0x00007ffa5fea0000 - 0x00007ffa5fec5000 	C:\Program Files\Java\jdk-15.0.1\bin\java.dll
0x00007ffa6ec80000 - 0x00007ffa6f3c2000 	C:\Windows\System32\SHELL32.dll
0x00007ffa6b6e0000 - 0x00007ffa6be75000 	C:\Windows\SYSTEM32\windows.storage.dll
0x00007ffa6f840000 - 0x00007ffa6fb96000 	C:\Windows\System32\combase.dll
0x00007ffa6cfe0000 - 0x00007ffa6d00c000 	C:\Windows\SYSTEM32\Wldp.dll
0x00007ffa6e6c0000 - 0x00007ffa6e76e000 	C:\Windows\System32\SHCORE.dll
0x00007ffa6fc60000 - 0x00007ffa6fcb5000 	C:\Windows\System32\shlwapi.dll
0x00007ffa6d4a0000 - 0x00007ffa6d4c6000 	C:\Windows\SYSTEM32\profapi.dll
0x00007ffa5fe80000 - 0x00007ffa5fe99000 	C:\Program Files\Java\jdk-15.0.1\bin\net.dll
0x00007ffa670f0000 - 0x00007ffa671f0000 	C:\Windows\SYSTEM32\WINHTTP.dll
0x00007ffa6cd60000 - 0x00007ffa6cdca000 	C:\Windows\system32\mswsock.dll
0x00007ffa5fe60000 - 0x00007ffa5fe72000 	C:\Program Files\Java\jdk-15.0.1\bin\nio.dll
0x00007ffa5fe40000 - 0x00007ffa5fe58000 	C:\Program Files\Java\jdk-15.0.1\bin\zip.dll
0x00007ffa5fe30000 - 0x00007ffa5fe40000 	C:\Program Files\Java\jdk-15.0.1\bin\verify.dll
0x00007ffa664a0000 - 0x00007ffa664aa000 	C:\Program Files\Apache Software Foundation\apache-maven-3.6.3\lib\jansi-native\windows64\jansi.dll

dbghelp: loaded successfully - version: 4.0.5 - missing functions: none
symbol engine: initialized successfully - sym options: 0x614 - pdb path: .;C:\Program Files\Java\jdk-15.0.1\bin;C:\Windows\SYSTEM32;C:\Windows\WinSxS\amd64_microsoft.windows.common-controls_6595b64144ccf1df_6.0.19041.488_none_ca04af081b815d21;C:\Program Files\Java\jdk-15.0.1\bin\server;C:\Program Files\Apache Software Foundation\apache-maven-3.6.3\lib\jansi-native\windows64

VM Arguments:
jvm_args: -Dclassworlds.conf=C:\Program Files\Apache Software Foundation\apache-maven-3.6.3\bin\..\bin\m2.conf -Dmaven.home=C:\Program Files\Apache Software Foundation\apache-maven-3.6.3\bin\.. -Dlibrary.jansi.path=C:\Program Files\Apache Software Foundation\apache-maven-3.6.3\bin\..\lib\jansi-native -Dmaven.multiModuleProjectDirectory=D:\All\Dev\Bingo 
java_command: org.codehaus.plexus.classworlds.launcher.Launcher package
java_class_path (initial): C:\Program Files\Apache Software Foundation\apache-maven-3.6.3\bin\..\boot\plexus-classworlds-2.6.0.jar
Launcher Type: SUN_STANDARD

[Global flags]
     intx CICompilerCount                          = 4                                         {product} {ergonomic}
     uint ConcGCThreads                            = 2                                         {product} {ergonomic}
     uint G1ConcRefinementThreads                  = 8                                         {product} {ergonomic}
   size_t G1HeapRegionSize                         = 1048576                                   {product} {ergonomic}
    uintx GCDrainStackTargetSize                   = 64                                        {product} {ergonomic}
   size_t InitialHeapSize                          = 134217728                                 {product} {ergonomic}
   size_t MarkStackSize                            = 4194304                                   {product} {ergonomic}
   size_t MaxHeapSize                              = 2136997888                                {product} {ergonomic}
   size_t MaxNewSize                               = 1281359872                                {product} {ergonomic}
   size_t MinHeapDeltaBytes                        = 1048576                                   {product} {ergonomic}
   size_t MinHeapSize                              = 8388608                                   {product} {ergonomic}
    uintx NonNMethodCodeHeapSize                   = 5839372                                {pd product} {ergonomic}
    uintx NonProfiledCodeHeapSize                  = 122909434                              {pd product} {ergonomic}
    uintx ProfiledCodeHeapSize                     = 122909434                              {pd product} {ergonomic}
    uintx ReservedCodeCacheSize                    = 251658240                              {pd product} {ergonomic}
     bool SegmentedCodeCache                       = true                                      {product} {ergonomic}
   size_t SoftMaxHeapSize                          = 2136997888                             {manageable} {ergonomic}
     bool UseCompressedClassPointers               = true                                 {lp64_product} {ergonomic}
     bool UseCompressedOops                        = true                                 {lp64_product} {ergonomic}
     bool UseG1GC                                  = true                                      {product} {ergonomic}
     bool UseLargePagesIndividualAllocation        = false                                  {pd product} {ergonomic}

Logging:
Log output configuration:
 #0: stdout all=warning uptime,level,tags
 #1: stderr all=off uptime,level,tags

Environment Variables:
JAVA_HOME=C:\Program Files\Java\jdk-15.0.1
PATH=C:\Program Files\Java\jdk-15.0.1\bin;C:\Windows\system32;C:\Windows;C:\Windows\System32\Wbem;C:\Windows\System32\WindowsPowerShell\v1.0\;C:\Windows\System32\OpenSSH\;C:\Program Files\Git\cmd;C:\Program Files (x86)\Windows Kits\8.1\Windows Performance Toolkit\;C:\ProgramData\chocolatey\bin;C:\Program Files\NVIDIA Corporation\NVIDIA NvDLISR;C:\Program Files (x86)\NVIDIA Corporation\PhysX\Common;C:\Program Files\Apache Software Foundation\apache-maven-3.6.3\bin;C:\Users\mrblo\.cargo\bin;C:\Users\mrblo\AppData\Local\Programs\Python\Python39-32\Scripts\;C:\Users\mrblo\AppData\Local\Programs\Python\Python39-32\;C:\Users\mrblo\AppData\Local\Programs\Python\Python39\Scripts\;C:\Users\mrblo\AppData\Local\Programs\Python\Python39\;C:\Users\mrblo\AppData\Local\Microsoft\WindowsApps;C:\Users\mrblo\AppData\Local\GitHubDesktop\bin;C:\Users\mrblo\AppData\Local\hyper\app-3.0.2\resources\bin
USERNAME=mrblo
OS=Windows_NT
PROCESSOR_IDENTIFIER=AMD64 Family 23 Model 1 Stepping 1, AuthenticAMD



---------------  S Y S T E M  ---------------

OS:
 Windows 10 , 64 bit Build 19041 (10.0.19041.662)
OS uptime: 0 days 10:55 hours

CPU: total 8 (initial active 8) (8 cores per cpu, 2 threads per core) family 23 model 1 stepping 1 microcode 0x0, cmov, cx8, fxsr, mmx, sse, sse2, sse3, ssse3, sse4.1, sse4.2, popcnt, vzeroupper, avx, avx2, aes, clmul, 3dnowpref, lzcnt, sse4a, ht, tsc, tscinvbit, tscinv, bmi1, bmi2, adx, sha, fma, clflush, clflushopt

Memory: 4k page, system-wide physical 8146M (493M free)
TotalPageFile size 15106M (AvailPageFile size 5M)
current process WorkingSet (physical memory assigned to process): 145M, peak: 145M
current process commit charge ("private bytes"): 259M, peak: 259M

vm_info: Java HotSpot(TM) 64-Bit Server VM (15.0.1+9-18) for windows-amd64 JRE (15.0.1+9-18), built on Sep 15 2020 14:43:54 by "mach5one" with unknown MS VC++:1925

END.
