#
# There is insufficient memory for the Java Runtime Environment to continue.
# Native memory allocation (malloc) failed to allocate 327056 bytes for Chunk::new
# Possible reasons:
#   The system is out of physical RAM or swap space
#   The process is running with CompressedOops enabled, and the Java Heap may be blocking the growth of the native heap
# Possible solutions:
#   Reduce memory load on the system
#   Increase physical memory or swap space
#   Check if swap backing store is full
#   Decrease Java heap size (-Xmx/-Xms)
#   Decrease number of Java threads
#   Decrease Java thread stack sizes (-Xss)
#   Set larger code cache with -XX:ReservedCodeCacheSize=
#   JVM is running with Unscaled Compressed Oops mode in which the Java heap is
#     placed in the first 4GB address space. The Java Heap base address is the
#     maximum limit for the native heap growth. Please use -XX:HeapBaseMinAddress
#     to set the Java Heap base and to place the Java Heap above 4GB virtual address.
# This output file may be truncated or incomplete.
#
#  Out of Memory Error (./open/src/hotspot/share/memory/arena.cpp:195), pid=10504, tid=7896
#
# JRE version: Java(TM) SE Runtime Environment (15.0.1+9) (build 15.0.1+9-18)
# Java VM: Java HotSpot(TM) 64-Bit Server VM (15.0.1+9-18, mixed mode, sharing, tiered, compressed oops, g1 gc, windows-amd64)
# No core dump will be written. Minidumps are not enabled by default on client versions of Windows
#

---------------  S U M M A R Y ------------

Command Line: -Dclassworlds.conf=C:\Program Files\Apache Software Foundation\apache-maven-3.6.3\bin\..\bin\m2.conf -Dmaven.home=C:\Program Files\Apache Software Foundation\apache-maven-3.6.3\bin\.. -Dlibrary.jansi.path=C:\Program Files\Apache Software Foundation\apache-maven-3.6.3\bin\..\lib\jansi-native -Dmaven.multiModuleProjectDirectory=D:\All\Dev\Bingo org.codehaus.plexus.classworlds.launcher.Launcher package

Host: AMD Ryzen 5 1400 Quad-Core Processor           , 8 cores, 7G,  Windows 10 , 64 bit Build 19041 (10.0.19041.662)
Time: Tue Dec 29 22:17:46 2020 Paris, Madrid elapsed time: 1.516783 seconds (0d 0h 0m 1s)

---------------  T H R E A D  ---------------

Current thread (0x000001d5af8aaa10):  JavaThread "C2 CompilerThread1" daemon [_thread_in_native, id=7896, stack(0x0000002481200000,0x0000002481300000)]


Current CompileTask:
C2:   1517 1127 % !   4       java.util.concurrent.ConcurrentHashMap::transfer @ 96 (849 bytes)

Stack: [0x0000002481200000,0x0000002481300000]
Native frames: (J=compiled Java code, j=interpreted, Vv=VM code, C=native code)
V  [jvm.dll+0x62ae9a]
V  [jvm.dll+0x781389]
V  [jvm.dll+0x782ae3]
V  [jvm.dll+0x783143]
V  [jvm.dll+0x216265]
V  [jvm.dll+0x97efa]
V  [jvm.dll+0x985dc]
V  [jvm.dll+0x32e4c8]
V  [jvm.dll+0x2f78aa]
V  [jvm.dll+0x2f6c6a]
V  [jvm.dll+0x1ea645]
V  [jvm.dll+0x1e98ae]
V  [jvm.dll+0x1784c7]
V  [jvm.dll+0x1f9165]
V  [jvm.dll+0x1f720c]
V  [jvm.dll+0x74485d]
V  [jvm.dll+0x73d65a]
V  [jvm.dll+0x629c56]
C  [ucrtbase.dll+0x214c2]
C  [KERNEL32.DLL+0x17034]
C  [ntdll.dll+0x4d0d1]


---------------  P R O C E S S  ---------------

Threads class SMR info:
_java_thread_list=0x000001d5af8b1bf0, length=12, elements={
0x000001d58da617d0, 0x000001d5ae55f520, 0x000001d5ae5600f0, 0x000001d5ae57c470,
0x000001d5ae580f40, 0x000001d5ae5851e0, 0x000001d5ae589ed0, 0x000001d5ae593610,
0x000001d5ae59c7d0, 0x000001d5af000de0, 0x000001d5af003460, 0x000001d5af8aaa10
}

Java Threads: ( => current thread )
  0x000001d58da617d0 JavaThread "main" [_thread_in_Java, id=2160, stack(0x0000002480000000,0x0000002480100000)]
  0x000001d5ae55f520 JavaThread "Reference Handler" daemon [_thread_blocked, id=13672, stack(0x0000002480700000,0x0000002480800000)]
  0x000001d5ae5600f0 JavaThread "Finalizer" daemon [_thread_blocked, id=9388, stack(0x0000002480800000,0x0000002480900000)]
  0x000001d5ae57c470 JavaThread "Signal Dispatcher" daemon [_thread_blocked, id=4508, stack(0x0000002480900000,0x0000002480a00000)]
  0x000001d5ae580f40 JavaThread "Attach Listener" daemon [_thread_blocked, id=8608, stack(0x0000002480a00000,0x0000002480b00000)]
  0x000001d5ae5851e0 JavaThread "Service Thread" daemon [_thread_blocked, id=2304, stack(0x0000002480b00000,0x0000002480c00000)]
  0x000001d5ae589ed0 JavaThread "C2 CompilerThread0" daemon [_thread_blocked, id=5116, stack(0x0000002480c00000,0x0000002480d00000)]
  0x000001d5ae593610 JavaThread "C1 CompilerThread0" daemon [_thread_blocked, id=17652, stack(0x0000002480d00000,0x0000002480e00000)]
  0x000001d5ae59c7d0 JavaThread "Sweeper thread" daemon [_thread_blocked, id=17284, stack(0x0000002480e00000,0x0000002480f00000)]
  0x000001d5af000de0 JavaThread "Notification Thread" daemon [_thread_blocked, id=9320, stack(0x0000002480f00000,0x0000002481000000)]
  0x000001d5af003460 JavaThread "Common-Cleaner" daemon [_thread_blocked, id=8568, stack(0x0000002481100000,0x0000002481200000)]
=>0x000001d5af8aaa10 JavaThread "C2 CompilerThread1" daemon [_thread_in_native, id=7896, stack(0x0000002481200000,0x0000002481300000)]

Other Threads:
  0x000001d5ae55b0f0 VMThread "VM Thread" [stack: 0x0000002480600000,0x0000002480700000] [id=11152]
  0x000001d5ae543650 WatcherThread [stack: 0x0000002481000000,0x0000002481100000] [id=6716]
  0x000001d58daa4c50 GCTaskThread "GC Thread#0" [stack: 0x0000002480100000,0x0000002480200000] [id=2800]
  0x000001d5af3454b0 GCTaskThread "GC Thread#1" [stack: 0x0000002481300000,0x0000002481400000] [id=1640]
  0x000001d5af3447f0 GCTaskThread "GC Thread#2" [stack: 0x0000002481400000,0x0000002481500000] [id=19944]
  0x000001d58dab5c60 ConcurrentGCThread "G1 Main Marker" [stack: 0x0000002480200000,0x0000002480300000] [id=4176]
  0x000001d58dab6ff0 ConcurrentGCThread "G1 Conc#0" [stack: 0x0000002480300000,0x0000002480400000] [id=16736]
  0x000001d58db3d520 ConcurrentGCThread "G1 Refine#0" [stack: 0x0000002480400000,0x0000002480500000] [id=5040]
  0x000001d58db3e120 ConcurrentGCThread "G1 Young RemSet Sampling" [stack: 0x0000002480500000,0x0000002480600000] [id=13356]

Threads with active compile tasks:
C2 CompilerThread1     1560 1127 % !   4       java.util.concurrent.ConcurrentHashMap::transfer @ 96 (849 bytes)

VM state: not at safepoint (normal execution)

VM Mutex/Monitor currently owned by a thread: None

Heap address: 0x0000000080a00000, size: 2038 MB, Compressed Oops mode: 32-bit
CDS archive(s) mapped at: [0x0000000800000000-0x0000000800b50000-0x0000000800b50000), size 11862016, SharedBaseAddress: 0x0000000800000000, ArchiveRelocationMode: 0.
Compressed class space mapped at: 0x0000000800b50000-0x0000000840b50000, size: 1073741824
Narrow klass base: 0x0000000800000000, Narrow klass shift: 3, Narrow klass range: 0x100000000

GC Precious Log:
 CPUs: 8 total, 8 available
 Memory: 8146M
 Large Page Support: Disabled
 NUMA Support: Disabled
 Compressed Oops: Enabled (32-bit)
 Heap Region Size: 1M
 Heap Min Capacity: 8M
 Heap Initial Capacity: 128M
 Heap Max Capacity: 2038M
 Pre-touch: Disabled
 Parallel Workers: 8
 Concurrent Workers: 2
 Concurrent Refinement Workers: 8
 Periodic GC: Disabled

Heap:
 garbage-first heap   total 131072K, used 9810K [0x0000000080a00000, 0x0000000100000000)
  region size 1024K, 10 young (10240K), 3 survivors (3072K)
 Metaspace       used 5886K, capacity 8252K, committed 8448K, reserved 1056768K
  class space    used 671K, capacity 919K, committed 1024K, reserved 1048576K

Heap Regions: E=young(eden), S=young(survivor), O=old, HS=humongous(starts), HC=humongous(continues), CS=collection set, F=free, OA=open archive, CA=closed archive, TAMS=top-at-mark-start (previous, next)
|   0|0x0000000080a00000, 0x0000000080a94800, 0x0000000080b00000| 58%| O|  |TAMS 0x0000000080a00000, 0x0000000080a00000| Untracked 
|   1|0x0000000080b00000, 0x0000000080b00000, 0x0000000080c00000|  0%| F|  |TAMS 0x0000000080b00000, 0x0000000080b00000| Untracked 
|   2|0x0000000080c00000, 0x0000000080c00000, 0x0000000080d00000|  0%| F|  |TAMS 0x0000000080c00000, 0x0000000080c00000| Untracked 
|   3|0x0000000080d00000, 0x0000000080d00000, 0x0000000080e00000|  0%| F|  |TAMS 0x0000000080d00000, 0x0000000080d00000| Untracked 
|   4|0x0000000080e00000, 0x0000000080e00000, 0x0000000080f00000|  0%| F|  |TAMS 0x0000000080e00000, 0x0000000080e00000| Untracked 
|   5|0x0000000080f00000, 0x0000000080f00000, 0x0000000081000000|  0%| F|  |TAMS 0x0000000080f00000, 0x0000000080f00000| Untracked 
|   6|0x0000000081000000, 0x0000000081000000, 0x0000000081100000|  0%| F|  |TAMS 0x0000000081000000, 0x0000000081000000| Untracked 
|   7|0x0000000081100000, 0x0000000081100000, 0x0000000081200000|  0%| F|  |TAMS 0x0000000081100000, 0x0000000081100000| Untracked 
|   8|0x0000000081200000, 0x0000000081200000, 0x0000000081300000|  0%| F|  |TAMS 0x0000000081200000, 0x0000000081200000| Untracked 
|   9|0x0000000081300000, 0x0000000081300000, 0x0000000081400000|  0%| F|  |TAMS 0x0000000081300000, 0x0000000081300000| Untracked 
|  10|0x0000000081400000, 0x0000000081400000, 0x0000000081500000|  0%| F|  |TAMS 0x0000000081400000, 0x0000000081400000| Untracked 
|  11|0x0000000081500000, 0x0000000081500000, 0x0000000081600000|  0%| F|  |TAMS 0x0000000081500000, 0x0000000081500000| Untracked 
|  12|0x0000000081600000, 0x0000000081600000, 0x0000000081700000|  0%| F|  |TAMS 0x0000000081600000, 0x0000000081600000| Untracked 
|  13|0x0000000081700000, 0x0000000081700000, 0x0000000081800000|  0%| F|  |TAMS 0x0000000081700000, 0x0000000081700000| Untracked 
|  14|0x0000000081800000, 0x0000000081800000, 0x0000000081900000|  0%| F|  |TAMS 0x0000000081800000, 0x0000000081800000| Untracked 
|  15|0x0000000081900000, 0x0000000081900000, 0x0000000081a00000|  0%| F|  |TAMS 0x0000000081900000, 0x0000000081900000| Untracked 
|  16|0x0000000081a00000, 0x0000000081a00000, 0x0000000081b00000|  0%| F|  |TAMS 0x0000000081a00000, 0x0000000081a00000| Untracked 
|  17|0x0000000081b00000, 0x0000000081b00000, 0x0000000081c00000|  0%| F|  |TAMS 0x0000000081b00000, 0x0000000081b00000| Untracked 
|  18|0x0000000081c00000, 0x0000000081c00000, 0x0000000081d00000|  0%| F|  |TAMS 0x0000000081c00000, 0x0000000081c00000| Untracked 
|  19|0x0000000081d00000, 0x0000000081d00000, 0x0000000081e00000|  0%| F|  |TAMS 0x0000000081d00000, 0x0000000081d00000| Untracked 
|  20|0x0000000081e00000, 0x0000000081e00000, 0x0000000081f00000|  0%| F|  |TAMS 0x0000000081e00000, 0x0000000081e00000| Untracked 
|  21|0x0000000081f00000, 0x0000000081f00000, 0x0000000082000000|  0%| F|  |TAMS 0x0000000081f00000, 0x0000000081f00000| Untracked 
|  22|0x0000000082000000, 0x0000000082000000, 0x0000000082100000|  0%| F|  |TAMS 0x0000000082000000, 0x0000000082000000| Untracked 
|  23|0x0000000082100000, 0x0000000082100000, 0x0000000082200000|  0%| F|  |TAMS 0x0000000082100000, 0x0000000082100000| Untracked 
|  24|0x0000000082200000, 0x0000000082200000, 0x0000000082300000|  0%| F|  |TAMS 0x0000000082200000, 0x0000000082200000| Untracked 
|  25|0x0000000082300000, 0x0000000082300000, 0x0000000082400000|  0%| F|  |TAMS 0x0000000082300000, 0x0000000082300000| Untracked 
|  26|0x0000000082400000, 0x0000000082400000, 0x0000000082500000|  0%| F|  |TAMS 0x0000000082400000, 0x0000000082400000| Untracked 
|  27|0x0000000082500000, 0x0000000082500000, 0x0000000082600000|  0%| F|  |TAMS 0x0000000082500000, 0x0000000082500000| Untracked 
|  28|0x0000000082600000, 0x0000000082600000, 0x0000000082700000|  0%| F|  |TAMS 0x0000000082600000, 0x0000000082600000| Untracked 
|  29|0x0000000082700000, 0x0000000082700000, 0x0000000082800000|  0%| F|  |TAMS 0x0000000082700000, 0x0000000082700000| Untracked 
|  30|0x0000000082800000, 0x0000000082800000, 0x0000000082900000|  0%| F|  |TAMS 0x0000000082800000, 0x0000000082800000| Untracked 
|  31|0x0000000082900000, 0x0000000082900000, 0x0000000082a00000|  0%| F|  |TAMS 0x0000000082900000, 0x0000000082900000| Untracked 
|  32|0x0000000082a00000, 0x0000000082a00000, 0x0000000082b00000|  0%| F|  |TAMS 0x0000000082a00000, 0x0000000082a00000| Untracked 
|  33|0x0000000082b00000, 0x0000000082b00000, 0x0000000082c00000|  0%| F|  |TAMS 0x0000000082b00000, 0x0000000082b00000| Untracked 
|  34|0x0000000082c00000, 0x0000000082c00000, 0x0000000082d00000|  0%| F|  |TAMS 0x0000000082c00000, 0x0000000082c00000| Untracked 
|  35|0x0000000082d00000, 0x0000000082d00000, 0x0000000082e00000|  0%| F|  |TAMS 0x0000000082d00000, 0x0000000082d00000| Untracked 
|  36|0x0000000082e00000, 0x0000000082e00000, 0x0000000082f00000|  0%| F|  |TAMS 0x0000000082e00000, 0x0000000082e00000| Untracked 
|  37|0x0000000082f00000, 0x0000000082f00000, 0x0000000083000000|  0%| F|  |TAMS 0x0000000082f00000, 0x0000000082f00000| Untracked 
|  38|0x0000000083000000, 0x0000000083000000, 0x0000000083100000|  0%| F|  |TAMS 0x0000000083000000, 0x0000000083000000| Untracked 
|  39|0x0000000083100000, 0x0000000083100000, 0x0000000083200000|  0%| F|  |TAMS 0x0000000083100000, 0x0000000083100000| Untracked 
|  40|0x0000000083200000, 0x0000000083200000, 0x0000000083300000|  0%| F|  |TAMS 0x0000000083200000, 0x0000000083200000| Untracked 
|  41|0x0000000083300000, 0x0000000083300000, 0x0000000083400000|  0%| F|  |TAMS 0x0000000083300000, 0x0000000083300000| Untracked 
|  42|0x0000000083400000, 0x0000000083400000, 0x0000000083500000|  0%| F|  |TAMS 0x0000000083400000, 0x0000000083400000| Untracked 
|  43|0x0000000083500000, 0x0000000083500000, 0x0000000083600000|  0%| F|  |TAMS 0x0000000083500000, 0x0000000083500000| Untracked 
|  44|0x0000000083600000, 0x0000000083600000, 0x0000000083700000|  0%| F|  |TAMS 0x0000000083600000, 0x0000000083600000| Untracked 
|  45|0x0000000083700000, 0x0000000083700000, 0x0000000083800000|  0%| F|  |TAMS 0x0000000083700000, 0x0000000083700000| Untracked 
|  46|0x0000000083800000, 0x0000000083800000, 0x0000000083900000|  0%| F|  |TAMS 0x0000000083800000, 0x0000000083800000| Untracked 
|  47|0x0000000083900000, 0x0000000083900000, 0x0000000083a00000|  0%| F|  |TAMS 0x0000000083900000, 0x0000000083900000| Untracked 
|  48|0x0000000083a00000, 0x0000000083a00000, 0x0000000083b00000|  0%| F|  |TAMS 0x0000000083a00000, 0x0000000083a00000| Untracked 
|  49|0x0000000083b00000, 0x0000000083b00000, 0x0000000083c00000|  0%| F|  |TAMS 0x0000000083b00000, 0x0000000083b00000| Untracked 
|  50|0x0000000083c00000, 0x0000000083c00000, 0x0000000083d00000|  0%| F|  |TAMS 0x0000000083c00000, 0x0000000083c00000| Untracked 
|  51|0x0000000083d00000, 0x0000000083d00000, 0x0000000083e00000|  0%| F|  |TAMS 0x0000000083d00000, 0x0000000083d00000| Untracked 
|  52|0x0000000083e00000, 0x0000000083e00000, 0x0000000083f00000|  0%| F|  |TAMS 0x0000000083e00000, 0x0000000083e00000| Untracked 
|  53|0x0000000083f00000, 0x0000000083f00000, 0x0000000084000000|  0%| F|  |TAMS 0x0000000083f00000, 0x0000000083f00000| Untracked 
|  54|0x0000000084000000, 0x0000000084000000, 0x0000000084100000|  0%| F|  |TAMS 0x0000000084000000, 0x0000000084000000| Untracked 
|  55|0x0000000084100000, 0x0000000084100000, 0x0000000084200000|  0%| F|  |TAMS 0x0000000084100000, 0x0000000084100000| Untracked 
|  56|0x0000000084200000, 0x0000000084200000, 0x0000000084300000|  0%| F|  |TAMS 0x0000000084200000, 0x0000000084200000| Untracked 
|  57|0x0000000084300000, 0x0000000084300000, 0x0000000084400000|  0%| F|  |TAMS 0x0000000084300000, 0x0000000084300000| Untracked 
|  58|0x0000000084400000, 0x0000000084400000, 0x0000000084500000|  0%| F|  |TAMS 0x0000000084400000, 0x0000000084400000| Untracked 
|  59|0x0000000084500000, 0x0000000084500000, 0x0000000084600000|  0%| F|  |TAMS 0x0000000084500000, 0x0000000084500000| Untracked 
|  60|0x0000000084600000, 0x0000000084600000, 0x0000000084700000|  0%| F|  |TAMS 0x0000000084600000, 0x0000000084600000| Untracked 
|  61|0x0000000084700000, 0x0000000084700000, 0x0000000084800000|  0%| F|  |TAMS 0x0000000084700000, 0x0000000084700000| Untracked 
|  62|0x0000000084800000, 0x0000000084800000, 0x0000000084900000|  0%| F|  |TAMS 0x0000000084800000, 0x0000000084800000| Untracked 
|  63|0x0000000084900000, 0x0000000084900000, 0x0000000084a00000|  0%| F|  |TAMS 0x0000000084900000, 0x0000000084900000| Untracked 
|  64|0x0000000084a00000, 0x0000000084a00000, 0x0000000084b00000|  0%| F|  |TAMS 0x0000000084a00000, 0x0000000084a00000| Untracked 
|  65|0x0000000084b00000, 0x0000000084b00000, 0x0000000084c00000|  0%| F|  |TAMS 0x0000000084b00000, 0x0000000084b00000| Untracked 
|  66|0x0000000084c00000, 0x0000000084c00000, 0x0000000084d00000|  0%| F|  |TAMS 0x0000000084c00000, 0x0000000084c00000| Untracked 
|  67|0x0000000084d00000, 0x0000000084d00000, 0x0000000084e00000|  0%| F|  |TAMS 0x0000000084d00000, 0x0000000084d00000| Untracked 
|  68|0x0000000084e00000, 0x0000000084e00000, 0x0000000084f00000|  0%| F|  |TAMS 0x0000000084e00000, 0x0000000084e00000| Untracked 
|  69|0x0000000084f00000, 0x0000000084f00000, 0x0000000085000000|  0%| F|  |TAMS 0x0000000084f00000, 0x0000000084f00000| Untracked 
|  70|0x0000000085000000, 0x0000000085000000, 0x0000000085100000|  0%| F|  |TAMS 0x0000000085000000, 0x0000000085000000| Untracked 
|  71|0x0000000085100000, 0x0000000085100000, 0x0000000085200000|  0%| F|  |TAMS 0x0000000085100000, 0x0000000085100000| Untracked 
|  72|0x0000000085200000, 0x0000000085200000, 0x0000000085300000|  0%| F|  |TAMS 0x0000000085200000, 0x0000000085200000| Untracked 
|  73|0x0000000085300000, 0x0000000085300000, 0x0000000085400000|  0%| F|  |TAMS 0x0000000085300000, 0x0000000085300000| Untracked 
|  74|0x0000000085400000, 0x0000000085400000, 0x0000000085500000|  0%| F|  |TAMS 0x0000000085400000, 0x0000000085400000| Untracked 
|  75|0x0000000085500000, 0x0000000085500000, 0x0000000085600000|  0%| F|  |TAMS 0x0000000085500000, 0x0000000085500000| Untracked 
|  76|0x0000000085600000, 0x0000000085600000, 0x0000000085700000|  0%| F|  |TAMS 0x0000000085600000, 0x0000000085600000| Untracked 
|  77|0x0000000085700000, 0x0000000085700000, 0x0000000085800000|  0%| F|  |TAMS 0x0000000085700000, 0x0000000085700000| Untracked 
|  78|0x0000000085800000, 0x0000000085800000, 0x0000000085900000|  0%| F|  |TAMS 0x0000000085800000, 0x0000000085800000| Untracked 
|  79|0x0000000085900000, 0x0000000085900000, 0x0000000085a00000|  0%| F|  |TAMS 0x0000000085900000, 0x0000000085900000| Untracked 
|  80|0x0000000085a00000, 0x0000000085a00000, 0x0000000085b00000|  0%| F|  |TAMS 0x0000000085a00000, 0x0000000085a00000| Untracked 
|  81|0x0000000085b00000, 0x0000000085b00000, 0x0000000085c00000|  0%| F|  |TAMS 0x0000000085b00000, 0x0000000085b00000| Untracked 
|  82|0x0000000085c00000, 0x0000000085c00000, 0x0000000085d00000|  0%| F|  |TAMS 0x0000000085c00000, 0x0000000085c00000| Untracked 
|  83|0x0000000085d00000, 0x0000000085d00000, 0x0000000085e00000|  0%| F|  |TAMS 0x0000000085d00000, 0x0000000085d00000| Untracked 
|  84|0x0000000085e00000, 0x0000000085e00000, 0x0000000085f00000|  0%| F|  |TAMS 0x0000000085e00000, 0x0000000085e00000| Untracked 
|  85|0x0000000085f00000, 0x0000000085f00000, 0x0000000086000000|  0%| F|  |TAMS 0x0000000085f00000, 0x0000000085f00000| Untracked 
|  86|0x0000000086000000, 0x0000000086000000, 0x0000000086100000|  0%| F|  |TAMS 0x0000000086000000, 0x0000000086000000| Untracked 
|  87|0x0000000086100000, 0x0000000086100000, 0x0000000086200000|  0%| F|  |TAMS 0x0000000086100000, 0x0000000086100000| Untracked 
|  88|0x0000000086200000, 0x0000000086200000, 0x0000000086300000|  0%| F|  |TAMS 0x0000000086200000, 0x0000000086200000| Untracked 
|  89|0x0000000086300000, 0x0000000086300000, 0x0000000086400000|  0%| F|  |TAMS 0x0000000086300000, 0x0000000086300000| Untracked 
|  90|0x0000000086400000, 0x0000000086400000, 0x0000000086500000|  0%| F|  |TAMS 0x0000000086400000, 0x0000000086400000| Untracked 
|  91|0x0000000086500000, 0x0000000086500000, 0x0000000086600000|  0%| F|  |TAMS 0x0000000086500000, 0x0000000086500000| Untracked 
|  92|0x0000000086600000, 0x0000000086600000, 0x0000000086700000|  0%| F|  |TAMS 0x0000000086600000, 0x0000000086600000| Untracked 
|  93|0x0000000086700000, 0x0000000086700000, 0x0000000086800000|  0%| F|  |TAMS 0x0000000086700000, 0x0000000086700000| Untracked 
|  94|0x0000000086800000, 0x0000000086800000, 0x0000000086900000|  0%| F|  |TAMS 0x0000000086800000, 0x0000000086800000| Untracked 
|  95|0x0000000086900000, 0x0000000086900000, 0x0000000086a00000|  0%| F|  |TAMS 0x0000000086900000, 0x0000000086900000| Untracked 
|  96|0x0000000086a00000, 0x0000000086a00000, 0x0000000086b00000|  0%| F|  |TAMS 0x0000000086a00000, 0x0000000086a00000| Untracked 
|  97|0x0000000086b00000, 0x0000000086b00000, 0x0000000086c00000|  0%| F|  |TAMS 0x0000000086b00000, 0x0000000086b00000| Untracked 
|  98|0x0000000086c00000, 0x0000000086c00000, 0x0000000086d00000|  0%| F|  |TAMS 0x0000000086c00000, 0x0000000086c00000| Untracked 
|  99|0x0000000086d00000, 0x0000000086d00000, 0x0000000086e00000|  0%| F|  |TAMS 0x0000000086d00000, 0x0000000086d00000| Untracked 
| 100|0x0000000086e00000, 0x0000000086e00000, 0x0000000086f00000|  0%| F|  |TAMS 0x0000000086e00000, 0x0000000086e00000| Untracked 
| 101|0x0000000086f00000, 0x0000000086f00000, 0x0000000087000000|  0%| F|  |TAMS 0x0000000086f00000, 0x0000000086f00000| Untracked 
| 102|0x0000000087000000, 0x0000000087100000, 0x0000000087100000|100%| S|CS|TAMS 0x0000000087000000, 0x0000000087000000| Complete 
| 103|0x0000000087100000, 0x0000000087200000, 0x0000000087200000|100%| S|CS|TAMS 0x0000000087100000, 0x0000000087100000| Complete 
| 104|0x0000000087200000, 0x0000000087300000, 0x0000000087300000|100%| S|CS|TAMS 0x0000000087200000, 0x0000000087200000| Complete 
| 105|0x0000000087300000, 0x0000000087300000, 0x0000000087400000|  0%| F|  |TAMS 0x0000000087300000, 0x0000000087300000| Untracked 
| 106|0x0000000087400000, 0x0000000087400000, 0x0000000087500000|  0%| F|  |TAMS 0x0000000087400000, 0x0000000087400000| Untracked 
| 107|0x0000000087500000, 0x0000000087500000, 0x0000000087600000|  0%| F|  |TAMS 0x0000000087500000, 0x0000000087500000| Untracked 
| 108|0x0000000087600000, 0x0000000087600000, 0x0000000087700000|  0%| F|  |TAMS 0x0000000087600000, 0x0000000087600000| Untracked 
| 109|0x0000000087700000, 0x0000000087700000, 0x0000000087800000|  0%| F|  |TAMS 0x0000000087700000, 0x0000000087700000| Untracked 
| 110|0x0000000087800000, 0x0000000087800000, 0x0000000087900000|  0%| F|  |TAMS 0x0000000087800000, 0x0000000087800000| Untracked 
| 111|0x0000000087900000, 0x0000000087900000, 0x0000000087a00000|  0%| F|  |TAMS 0x0000000087900000, 0x0000000087900000| Untracked 
| 112|0x0000000087a00000, 0x0000000087a00000, 0x0000000087b00000|  0%| F|  |TAMS 0x0000000087a00000, 0x0000000087a00000| Untracked 
| 113|0x0000000087b00000, 0x0000000087b00000, 0x0000000087c00000|  0%| F|  |TAMS 0x0000000087b00000, 0x0000000087b00000| Untracked 
| 114|0x0000000087c00000, 0x0000000087c00000, 0x0000000087d00000|  0%| F|  |TAMS 0x0000000087c00000, 0x0000000087c00000| Untracked 
| 115|0x0000000087d00000, 0x0000000087d00000, 0x0000000087e00000|  0%| F|  |TAMS 0x0000000087d00000, 0x0000000087d00000| Untracked 
| 116|0x0000000087e00000, 0x0000000087e00000, 0x0000000087f00000|  0%| F|  |TAMS 0x0000000087e00000, 0x0000000087e00000| Untracked 
| 117|0x0000000087f00000, 0x0000000087f00000, 0x0000000088000000|  0%| F|  |TAMS 0x0000000087f00000, 0x0000000087f00000| Untracked 
| 118|0x0000000088000000, 0x0000000088000000, 0x0000000088100000|  0%| F|  |TAMS 0x0000000088000000, 0x0000000088000000| Untracked 
| 119|0x0000000088100000, 0x0000000088100000, 0x0000000088200000|  0%| F|  |TAMS 0x0000000088100000, 0x0000000088100000| Untracked 
| 120|0x0000000088200000, 0x0000000088200000, 0x0000000088300000|  0%| F|  |TAMS 0x0000000088200000, 0x0000000088200000| Untracked 
| 121|0x0000000088300000, 0x0000000088380800, 0x0000000088400000| 50%| E|  |TAMS 0x0000000088300000, 0x0000000088300000| Complete 
| 122|0x0000000088400000, 0x0000000088500000, 0x0000000088500000|100%| E|CS|TAMS 0x0000000088400000, 0x0000000088400000| Complete 
| 123|0x0000000088500000, 0x0000000088600000, 0x0000000088600000|100%| E|CS|TAMS 0x0000000088500000, 0x0000000088500000| Complete 
| 124|0x0000000088600000, 0x0000000088700000, 0x0000000088700000|100%| E|CS|TAMS 0x0000000088600000, 0x0000000088600000| Complete 
| 125|0x0000000088700000, 0x0000000088800000, 0x0000000088800000|100%| E|CS|TAMS 0x0000000088700000, 0x0000000088700000| Complete 
| 126|0x0000000088800000, 0x0000000088900000, 0x0000000088900000|100%| E|CS|TAMS 0x0000000088800000, 0x0000000088800000| Complete 
| 127|0x0000000088900000, 0x0000000088a00000, 0x0000000088a00000|100%| E|CS|TAMS 0x0000000088900000, 0x0000000088900000| Complete 

Card table byte_map: [0x000001d5a7300000,0x000001d5a7700000] _byte_map_base: 0x000001d5a6efb000

Marking Bits (Prev, Next): (CMBitMap*) 0x000001d58daa5440, (CMBitMap*) 0x000001d58daa5480
 Prev Bits: [0x000001d5a7b00000, 0x000001d5a9ad8000)
 Next Bits: [0x000001d5a9ae0000, 0x000001d5abab8000)

Polling page: 0x000001d58db40000

Metaspace:

Usage:
  Non-class:      7.17 MB capacity,     5.10 MB ( 71%) used,     2.06 MB ( 29%) free+waste,     4.31 KB ( <1%) overhead. 
      Class:    920.00 KB capacity,   674.30 KB ( 73%) used,   243.70 KB ( 26%) free+waste,     2.00 KB ( <1%) overhead. 
       Both:      8.06 MB capacity,     5.76 MB ( 71%) used,     2.30 MB ( 28%) free+waste,     6.31 KB ( <1%) overhead. 

Virtual space:
  Non-class space:        8.00 MB reserved,       7.25 MB ( 91%) committed 
      Class space:        1.00 GB reserved,       1.00 MB ( <1%) committed 
             Both:        1.01 GB reserved,       8.25 MB ( <1%) committed 

Chunk freelists:
   Non-Class:  22.00 KB
       Class:  8.00 KB
        Both:  30.00 KB

MaxMetaspaceSize: 17179869184.00 GB
CompressedClassSpaceSize: 1.00 GB

CodeHeap 'non-profiled nmethods': size=120000Kb used=439Kb max_used=439Kb free=119560Kb
 bounds [0x000001d59ef70000, 0x000001d59f1e0000, 0x000001d5a64a0000]
CodeHeap 'profiled nmethods': size=120000Kb used=2282Kb max_used=2282Kb free=117717Kb
 bounds [0x000001d597a40000, 0x000001d597cb0000, 0x000001d59ef70000]
CodeHeap 'non-nmethods': size=5760Kb used=1159Kb max_used=1187Kb free=4600Kb
 bounds [0x000001d5974a0000, 0x000001d597710000, 0x000001d597a40000]
 total_blobs=1588 nmethods=1175 adapters=326
 compilation: enabled
              stopped_count=0, restarted_count=0
 full_count=0

Compilation events (20 events):
Event: 1.497 Thread 0x000001d5ae593610 nmethod 1129 0x000001d59efd9210 code [0x000001d59efd93a0, 0x000001d59efd9458]
Event: 1.497 Thread 0x000001d5ae593610 1130       1       sun.nio.fs.WindowsPathParser$Result::path (5 bytes)
Event: 1.497 Thread 0x000001d5ae593610 nmethod 1130 0x000001d59efd9510 code [0x000001d59efd96a0, 0x000001d59efd9758]
Event: 1.497 Thread 0x000001d5ae593610 1131       3       org.eclipse.sisu.space.asm.ClassReader::readUTF8 (60 bytes)
Event: 1.498 Thread 0x000001d5ae593610 nmethod 1131 0x000001d597c69390 code [0x000001d597c69580, 0x000001d597c69a48]
Event: 1.499 Thread 0x000001d5ae589ed0 1132       4       java.nio.DirectIntBufferU::ix (10 bytes)
Event: 1.499 Thread 0x000001d5ae589ed0 nmethod 1132 0x000001d59efd9810 code [0x000001d59efd9980, 0x000001d59efd99f8]
Event: 1.499 Thread 0x000001d5ae593610 1133       3       java.lang.String::valueOf (15 bytes)
Event: 1.500 Thread 0x000001d5ae593610 nmethod 1133 0x000001d597c69c10 code [0x000001d597c69dc0, 0x000001d597c69fc8]
Event: 1.503 Thread 0x000001d5ae589ed0 1134       4       java.lang.String::replace (42 bytes)
Event: 1.507 Thread 0x000001d5ae593610 1135       1       java.lang.reflect.Method::getAnnotationBytes (5 bytes)
Event: 1.507 Thread 0x000001d5ae593610 nmethod 1135 0x000001d59efd9b10 code [0x000001d59efd9ca0, 0x000001d59efd9d58]
Event: 1.510 Thread 0x000001d5ae593610 1136       3       java.util.ArrayList::set (24 bytes)
Event: 1.510 Thread 0x000001d5ae593610 nmethod 1136 0x000001d597c6a090 code [0x000001d597c6a260, 0x000001d597c6a728]
Event: 1.510 Thread 0x000001d5ae593610 1137       1       com.google.common.collect.RegularImmutableList::size (5 bytes)
Event: 1.510 Thread 0x000001d5ae593610 nmethod 1137 0x000001d59efd9e10 code [0x000001d59efd9fa0, 0x000001d59efda058]
Event: 1.510 Thread 0x000001d5ae593610 1138       3       jdk.internal.jimage.BasicImageReader::getAttributes (49 bytes)
Event: 1.511 Thread 0x000001d5ae593610 nmethod 1138 0x000001d597c6a910 code [0x000001d597c6aae0, 0x000001d597c6adc8]
Event: 1.511 Thread 0x000001d5ae593610 1139       3       jdk.internal.jimage.ImageLocation::verify (50 bytes)
Event: 1.511 Thread 0x000001d5ae593610 nmethod 1139 0x000001d597c6af10 code [0x000001d597c6b140, 0x000001d597c6b8a8]

GC Heap History (2 events):
Event: 1.334 GC heap before
{Heap before GC invocations=0 (full 0):
 garbage-first heap   total 131072K, used 22528K [0x0000000080a00000, 0x0000000100000000)
  region size 1024K, 23 young (23552K), 0 survivors (0K)
 Metaspace       used 5143K, capacity 7734K, committed 7808K, reserved 1056768K
  class space    used 588K, capacity 854K, committed 896K, reserved 1048576K
}
Event: 1.342 GC heap after
{Heap after GC invocations=1 (full 0):
 garbage-first heap   total 131072K, used 3666K [0x0000000080a00000, 0x0000000100000000)
  region size 1024K, 3 young (3072K), 3 survivors (3072K)
 Metaspace       used 5143K, capacity 7734K, committed 7808K, reserved 1056768K
  class space    used 588K, capacity 854K, committed 896K, reserved 1048576K
}

Deoptimization events (20 events):
Event: 1.264 Thread 0x000001d58da617d0 DEOPT PACKING pc=0x000001d59efbb49c sp=0x00000024800fd960
Event: 1.264 Thread 0x000001d58da617d0 DEOPT UNPACKING pc=0x000001d5974ee42f sp=0x00000024800fd870 mode 2
Event: 1.334 Thread 0x000001d58da617d0 DEOPT PACKING pc=0x000001d597c1c012 sp=0x00000024800fda70
Event: 1.334 Thread 0x000001d58da617d0 DEOPT UNPACKING pc=0x000001d5974ee23f sp=0x00000024800fcf28 mode 0
Event: 1.353 Thread 0x000001d58da617d0 DEOPT PACKING pc=0x000001d597c1c012 sp=0x00000024800fdb00
Event: 1.353 Thread 0x000001d58da617d0 DEOPT UNPACKING pc=0x000001d5974ee23f sp=0x00000024800fcfb8 mode 0
Event: 1.360 Thread 0x000001d58da617d0 DEOPT PACKING pc=0x000001d597c1c012 sp=0x00000024800fda70
Event: 1.360 Thread 0x000001d58da617d0 DEOPT UNPACKING pc=0x000001d5974ee23f sp=0x00000024800fcf28 mode 0
Event: 1.360 Thread 0x000001d58da617d0 Uncommon trap: trap_request=0xffffff45 fr.pc=0x000001d59efc0a60 relative=0x0000000000000da0
Event: 1.360 Thread 0x000001d58da617d0 Uncommon trap: reason=unstable_if action=reinterpret pc=0x000001d59efc0a60 method=sun.nio.cs.StreamDecoder.read0()I @ 39 c2
Event: 1.360 Thread 0x000001d58da617d0 DEOPT PACKING pc=0x000001d59efc0a60 sp=0x00000024800fd910
Event: 1.360 Thread 0x000001d58da617d0 DEOPT UNPACKING pc=0x000001d5974ee42f sp=0x00000024800fd890 mode 2
Event: 1.366 Thread 0x000001d58da617d0 Uncommon trap: trap_request=0xffffff45 fr.pc=0x000001d59efc9e90 relative=0x00000000000009b0
Event: 1.366 Thread 0x000001d58da617d0 Uncommon trap: reason=unstable_if action=reinterpret pc=0x000001d59efc9e90 method=org.codehaus.plexus.util.xml.pull.MXParser.nextImpl()I @ 241 c2
Event: 1.366 Thread 0x000001d58da617d0 DEOPT PACKING pc=0x000001d59efc9e90 sp=0x00000024800fde30
Event: 1.366 Thread 0x000001d58da617d0 DEOPT UNPACKING pc=0x000001d5974ee42f sp=0x00000024800fdda8 mode 2
Event: 1.372 Thread 0x000001d58da617d0 Uncommon trap: trap_request=0xffffff45 fr.pc=0x000001d59efcc1f0 relative=0x0000000000000350
Event: 1.372 Thread 0x000001d58da617d0 Uncommon trap: reason=unstable_if action=reinterpret pc=0x000001d59efcc1f0 method=sun.nio.cs.StreamDecoder.read0()I @ 39 c2
Event: 1.372 Thread 0x000001d58da617d0 DEOPT PACKING pc=0x000001d59efcc1f0 sp=0x00000024800fda80
Event: 1.372 Thread 0x000001d58da617d0 DEOPT UNPACKING pc=0x000001d5974ee42f sp=0x00000024800fda28 mode 2

Classes unloaded (0 events):
No events

Classes redefined (0 events):
No events

Internal exceptions (2 events):
Event: 0.886 Thread 0x000001d58da617d0 Exception <a 'java/lang/NoSuchMethodError'{0x00000000880d9678}: 'void java.lang.invoke.DirectMethodHandle$Holder.invokeSpecial(java.lang.Object, java.lang.Object, java.lang.Object)'> (0x00000000880d9678) 
thrown [./open/src/hotspot/share/interpreter/linkResolver.cpp, line 782]
Event: 1.108 Thread 0x000001d58da617d0 Exception <a 'java/lang/NoSuchMethodError'{0x0000000087a43a20}: 'java.lang.Object java.lang.invoke.DirectMethodHandle$Holder.newInvokeSpecial(java.lang.Object, java.lang.Object, java.lang.Object, java.lang.Object, java.lang.Object)'> (0x0000000087a43a20) 
thrown [./open/src/hotspot/share/interpreter/linkResolver.cpp, line 782]

Events (20 events):
Event: 1.161 loading class sun/reflect/generics/tree/TypeVariableSignature
Event: 1.161 loading class sun/reflect/generics/tree/TypeVariableSignature done
Event: 1.178 loading class java/lang/annotation/IncompleteAnnotationException
Event: 1.178 loading class java/lang/annotation/IncompleteAnnotationException done
Event: 1.247 loading class jdk/internal/access/foreign/MemorySegmentProxy
Event: 1.247 loading class jdk/internal/access/foreign/MemorySegmentProxy done
Event: 1.252 Executing VM operation: ICBufferFull
Event: 1.252 Executing VM operation: ICBufferFull done
Event: 1.252 Executing VM operation: HandshakeAllThreads
Event: 1.252 Executing VM operation: HandshakeAllThreads done
Event: 1.334 Executing VM operation: G1CollectForAllocation
Event: 1.342 Executing VM operation: G1CollectForAllocation done
Event: 1.342 Executing VM operation: HandshakeAllThreads
Event: 1.342 Executing VM operation: HandshakeAllThreads done
Event: 1.395 loading class sun/reflect/generics/reflectiveObjects/TypeVariableImpl
Event: 1.399 loading class sun/reflect/generics/reflectiveObjects/LazyReflectiveObjectGenerator
Event: 1.399 loading class sun/reflect/generics/reflectiveObjects/LazyReflectiveObjectGenerator done
Event: 1.399 loading class sun/reflect/generics/reflectiveObjects/TypeVariableImpl done
Event: 1.399 loading class sun/reflect/generics/reflectiveObjects/ParameterizedTypeImpl
Event: 1.400 loading class sun/reflect/generics/reflectiveObjects/ParameterizedTypeImpl done


Dynamic libraries:
0x00007ff6991b0000 - 0x00007ff6991bf000 	C:\Program Files\Java\jdk-15.0.1\bin\java.exe
0x00007ffa6fe30000 - 0x00007ffa70026000 	C:\Windows\SYSTEM32\ntdll.dll
0x00007ffa6fba0000 - 0x00007ffa6fc5d000 	C:\Windows\System32\KERNEL32.DLL
0x00007ffa6d570000 - 0x00007ffa6d839000 	C:\Windows\System32\KERNELBASE.dll
0x00007ffa6dd90000 - 0x00007ffa6de90000 	C:\Windows\System32\ucrtbase.dll
0x00007ffa5fe10000 - 0x00007ffa5fe28000 	C:\Program Files\Java\jdk-15.0.1\bin\jli.dll
0x00007ffa62bd0000 - 0x00007ffa62be9000 	C:\Program Files\Java\jdk-15.0.1\bin\VCRUNTIME140.dll
0x00007ffa6e040000 - 0x00007ffa6e0ec000 	C:\Windows\System32\ADVAPI32.dll
0x00007ffa6f740000 - 0x00007ffa6f7de000 	C:\Windows\System32\msvcrt.dll
0x00007ffa6e620000 - 0x00007ffa6e6bc000 	C:\Windows\System32\sechost.dll
0x00007ffa6fcc0000 - 0x00007ffa6fdeb000 	C:\Windows\System32\RPCRT4.dll
0x00007ffa6e0f0000 - 0x00007ffa6e290000 	C:\Windows\System32\USER32.dll
0x00007ffa6dbe0000 - 0x00007ffa6dc02000 	C:\Windows\System32\win32u.dll
0x00007ffa60da0000 - 0x00007ffa6103b000 	C:\Windows\WinSxS\amd64_microsoft.windows.common-controls_6595b64144ccf1df_6.0.19041.488_none_ca04af081b815d21\COMCTL32.dll
0x00007ffa6e010000 - 0x00007ffa6e03a000 	C:\Windows\System32\GDI32.dll
0x00007ffa6d840000 - 0x00007ffa6d949000 	C:\Windows\System32\gdi32full.dll
0x00007ffa6dc10000 - 0x00007ffa6dcad000 	C:\Windows\System32\msvcp_win.dll
0x00007ffa681e0000 - 0x00007ffa681ea000 	C:\Windows\SYSTEM32\VERSION.dll
0x00007ffa6f500000 - 0x00007ffa6f530000 	C:\Windows\System32\IMM32.DLL
0x00007ffa69310000 - 0x00007ffa6931c000 	C:\Program Files\Java\jdk-15.0.1\bin\vcruntime140_1.dll
0x00007ffa3ef00000 - 0x00007ffa3ef91000 	C:\Program Files\Java\jdk-15.0.1\bin\msvcp140.dll
0x00007ffa025d0000 - 0x00007ffa0312e000 	C:\Program Files\Java\jdk-15.0.1\bin\server\jvm.dll
0x00007ffa6e610000 - 0x00007ffa6e618000 	C:\Windows\System32\PSAPI.DLL
0x00007ffa485d0000 - 0x00007ffa485d9000 	C:\Windows\SYSTEM32\WSOCK32.dll
0x00007ffa63040000 - 0x00007ffa63067000 	C:\Windows\SYSTEM32\WINMM.dll
0x00007ffa6e7a0000 - 0x00007ffa6e80b000 	C:\Windows\System32\WS2_32.dll
0x00007ffa6b4e0000 - 0x00007ffa6b4f2000 	C:\Windows\SYSTEM32\kernel.appcore.dll
0x00007ffa62bc0000 - 0x00007ffa62bca000 	C:\Program Files\Java\jdk-15.0.1\bin\jimage.dll
0x00007ffa5a4e0000 - 0x00007ffa5a6c4000 	C:\Windows\SYSTEM32\DBGHELP.DLL
0x00007ffa5acd0000 - 0x00007ffa5acfc000 	C:\Windows\SYSTEM32\dbgcore.DLL
0x00007ffa6dd10000 - 0x00007ffa6dd90000 	C:\Windows\System32\bcryptPrimitives.dll
0x00007ffa48200000 - 0x00007ffa48225000 	C:\Program Files\Java\jdk-15.0.1\bin\java.dll
0x00007ffa6ec80000 - 0x00007ffa6f3c2000 	C:\Windows\System32\SHELL32.dll
0x00007ffa6b6e0000 - 0x00007ffa6be75000 	C:\Windows\SYSTEM32\windows.storage.dll
0x00007ffa6f840000 - 0x00007ffa6fb96000 	C:\Windows\System32\combase.dll
0x00007ffa6cfe0000 - 0x00007ffa6d00c000 	C:\Windows\SYSTEM32\Wldp.dll
0x00007ffa6e6c0000 - 0x00007ffa6e76e000 	C:\Windows\System32\SHCORE.dll
0x00007ffa6fc60000 - 0x00007ffa6fcb5000 	C:\Windows\System32\shlwapi.dll
0x00007ffa6d4a0000 - 0x00007ffa6d4c6000 	C:\Windows\SYSTEM32\profapi.dll
0x00007ffa5fdf0000 - 0x00007ffa5fe09000 	C:\Program Files\Java\jdk-15.0.1\bin\net.dll
0x00007ffa670f0000 - 0x00007ffa671f0000 	C:\Windows\SYSTEM32\WINHTTP.dll
0x00007ffa6cd60000 - 0x00007ffa6cdca000 	C:\Windows\system32\mswsock.dll
0x00007ffa5fc70000 - 0x00007ffa5fc82000 	C:\Program Files\Java\jdk-15.0.1\bin\nio.dll
0x00007ffa59fd0000 - 0x00007ffa59fe8000 	C:\Program Files\Java\jdk-15.0.1\bin\zip.dll
0x00007ffa5e550000 - 0x00007ffa5e560000 	C:\Program Files\Java\jdk-15.0.1\bin\verify.dll
0x00007ffa5f970000 - 0x00007ffa5f97a000 	C:\Program Files\Apache Software Foundation\apache-maven-3.6.3\lib\jansi-native\windows64\jansi.dll

dbghelp: loaded successfully - version: 4.0.5 - missing functions: none
symbol engine: initialized successfully - sym options: 0x614 - pdb path: .;C:\Program Files\Java\jdk-15.0.1\bin;C:\Windows\SYSTEM32;C:\Windows\WinSxS\amd64_microsoft.windows.common-controls_6595b64144ccf1df_6.0.19041.488_none_ca04af081b815d21;C:\Program Files\Java\jdk-15.0.1\bin\server;C:\Program Files\Apache Software Foundation\apache-maven-3.6.3\lib\jansi-native\windows64

VM Arguments:
jvm_args: -Dclassworlds.conf=C:\Program Files\Apache Software Foundation\apache-maven-3.6.3\bin\..\bin\m2.conf -Dmaven.home=C:\Program Files\Apache Software Foundation\apache-maven-3.6.3\bin\.. -Dlibrary.jansi.path=C:\Program Files\Apache Software Foundation\apache-maven-3.6.3\bin\..\lib\jansi-native -Dmaven.multiModuleProjectDirectory=D:\All\Dev\Bingo 
java_command: org.codehaus.plexus.classworlds.launcher.Launcher package
java_class_path (initial): C:\Program Files\Apache Software Foundation\apache-maven-3.6.3\bin\..\boot\plexus-classworlds-2.6.0.jar
Launcher Type: SUN_STANDARD

[Global flags]
     intx CICompilerCount                          = 4                                         {product} {ergonomic}
     uint ConcGCThreads                            = 2                                         {product} {ergonomic}
     uint G1ConcRefinementThreads                  = 8                                         {product} {ergonomic}
   size_t G1HeapRegionSize                         = 1048576                                   {product} {ergonomic}
    uintx GCDrainStackTargetSize                   = 64                                        {product} {ergonomic}
   size_t InitialHeapSize                          = 134217728                                 {product} {ergonomic}
   size_t MarkStackSize                            = 4194304                                   {product} {ergonomic}
   size_t MaxHeapSize                              = 2136997888                                {product} {ergonomic}
   size_t MaxNewSize                               = 1281359872                                {product} {ergonomic}
   size_t MinHeapDeltaBytes                        = 1048576                                   {product} {ergonomic}
   size_t MinHeapSize                              = 8388608                                   {product} {ergonomic}
    uintx NonNMethodCodeHeapSize                   = 5839372                                {pd product} {ergonomic}
    uintx NonProfiledCodeHeapSize                  = 122909434                              {pd product} {ergonomic}
    uintx ProfiledCodeHeapSize                     = 122909434                              {pd product} {ergonomic}
    uintx ReservedCodeCacheSize                    = 251658240                              {pd product} {ergonomic}
     bool SegmentedCodeCache                       = true                                      {product} {ergonomic}
   size_t SoftMaxHeapSize                          = 2136997888                             {manageable} {ergonomic}
     bool UseCompressedClassPointers               = true                                 {lp64_product} {ergonomic}
     bool UseCompressedOops                        = true                                 {lp64_product} {ergonomic}
     bool UseG1GC                                  = true                                      {product} {ergonomic}
     bool UseLargePagesIndividualAllocation        = false                                  {pd product} {ergonomic}

Logging:
Log output configuration:
 #0: stdout all=warning uptime,level,tags
 #1: stderr all=off uptime,level,tags

Environment Variables:
JAVA_HOME=C:\Program Files\Java\jdk-15.0.1
PATH=C:\Program Files\Java\jdk-15.0.1\bin;C:\Windows\system32;C:\Windows;C:\Windows\System32\Wbem;C:\Windows\System32\WindowsPowerShell\v1.0\;C:\Windows\System32\OpenSSH\;C:\Program Files\Git\cmd;C:\Program Files (x86)\Windows Kits\8.1\Windows Performance Toolkit\;C:\ProgramData\chocolatey\bin;C:\Program Files\NVIDIA Corporation\NVIDIA NvDLISR;C:\Program Files (x86)\NVIDIA Corporation\PhysX\Common;C:\Program Files\Apache Software Foundation\apache-maven-3.6.3\bin;C:\Users\mrblo\.cargo\bin;C:\Users\mrblo\AppData\Local\Programs\Python\Python39-32\Scripts\;C:\Users\mrblo\AppData\Local\Programs\Python\Python39-32\;C:\Users\mrblo\AppData\Local\Programs\Python\Python39\Scripts\;C:\Users\mrblo\AppData\Local\Programs\Python\Python39\;C:\Users\mrblo\AppData\Local\Microsoft\WindowsApps;C:\Users\mrblo\AppData\Local\GitHubDesktop\bin;C:\Users\mrblo\AppData\Local\hyper\app-3.0.2\resources\bin
USERNAME=mrblo
OS=Windows_NT
PROCESSOR_IDENTIFIER=AMD64 Family 23 Model 1 Stepping 1, AuthenticAMD



---------------  S Y S T E M  ---------------

OS:
 Windows 10 , 64 bit Build 19041 (10.0.19041.662)
OS uptime: 0 days 11:21 hours

CPU: total 8 (initial active 8) (8 cores per cpu, 2 threads per core) family 23 model 1 stepping 1 microcode 0x0, cmov, cx8, fxsr, mmx, sse, sse2, sse3, ssse3, sse4.1, sse4.2, popcnt, vzeroupper, avx, avx2, aes, clmul, 3dnowpref, lzcnt, sse4a, ht, tsc, tscinvbit, tscinv, bmi1, bmi2, adx, sha, fma, clflush, clflushopt

Memory: 4k page, system-wide physical 8146M (442M free)
TotalPageFile size 15256M (AvailPageFile size 4M)
current process WorkingSet (physical memory assigned to process): 78M, peak: 78M
current process commit charge ("private bytes"): 229M, peak: 230M

vm_info: Java HotSpot(TM) 64-Bit Server VM (15.0.1+9-18) for windows-amd64 JRE (15.0.1+9-18), built on Sep 15 2020 14:43:54 by "mach5one" with unknown MS VC++:1925

END.
