#
# There is insufficient memory for the Java Runtime Environment to continue.
# Native memory allocation (malloc) failed to allocate 32744 bytes for ChunkPool::allocate
# Possible reasons:
#   The system is out of physical RAM or swap space
#   The process is running with CompressedOops enabled, and the Java Heap may be blocking the growth of the native heap
# Possible solutions:
#   Reduce memory load on the system
#   Increase physical memory or swap space
#   Check if swap backing store is full
#   Decrease Java heap size (-Xmx/-Xms)
#   Decrease number of Java threads
#   Decrease Java thread stack sizes (-Xss)
#   Set larger code cache with -XX:ReservedCodeCacheSize=
#   JVM is running with Unscaled Compressed Oops mode in which the Java heap is
#     placed in the first 4GB address space. The Java Heap base address is the
#     maximum limit for the native heap growth. Please use -XX:HeapBaseMinAddress
#     to set the Java Heap base and to place the Java Heap above 4GB virtual address.
# This output file may be truncated or incomplete.
#
#  Out of Memory Error (./open/src/hotspot/share/memory/arena.cpp:79), pid=9824, tid=10536
#
# JRE version: Java(TM) SE Runtime Environment (15.0.1+9) (build 15.0.1+9-18)
# Java VM: Java HotSpot(TM) 64-Bit Server VM (15.0.1+9-18, mixed mode, sharing, tiered, compressed oops, g1 gc, windows-amd64)
# No core dump will be written. Minidumps are not enabled by default on client versions of Windows
#

---------------  S U M M A R Y ------------

Command Line: -Dclassworlds.conf=C:\Program Files\Apache Software Foundation\apache-maven-3.6.3\bin\..\bin\m2.conf -Dmaven.home=C:\Program Files\Apache Software Foundation\apache-maven-3.6.3\bin\.. -Dlibrary.jansi.path=C:\Program Files\Apache Software Foundation\apache-maven-3.6.3\bin\..\lib\jansi-native -Dmaven.multiModuleProjectDirectory=D:\All\Dev\Bingo org.codehaus.plexus.classworlds.launcher.Launcher package

Host: AMD Ryzen 5 1400 Quad-Core Processor           , 8 cores, 7G,  Windows 10 , 64 bit Build 19041 (10.0.19041.662)
Time: Thu Dec 31 19:32:54 2020 Paris, Madrid elapsed time: 0.169498 seconds (0d 0h 0m 0s)

---------------  T H R E A D  ---------------

Current thread (0x00000192f4559db0):  JavaThread "C2 CompilerThread0" daemon [_thread_in_native, id=10536, stack(0x0000000b3bb00000,0x0000000b3bc00000)]


Current CompileTask:
C2:    169  131       4       java.lang.AbstractStringBuilder::ensureCapacityInternal (39 bytes)

Stack: [0x0000000b3bb00000,0x0000000b3bc00000]
Native frames: (J=compiled Java code, j=interpreted, Vv=VM code, C=native code)
V  [jvm.dll+0x62ae9a]
V  [jvm.dll+0x781389]
V  [jvm.dll+0x782ae3]
V  [jvm.dll+0x783143]
V  [jvm.dll+0x216265]
V  [jvm.dll+0x9828f]
V  [jvm.dll+0x9806d]
V  [jvm.dll+0x609ad4]
V  [jvm.dll+0x6552ba]
V  [jvm.dll+0x18e3ad]
V  [jvm.dll+0x1ea762]
V  [jvm.dll+0x1e98ae]
V  [jvm.dll+0x1784c7]
V  [jvm.dll+0x1f9165]
V  [jvm.dll+0x1f720c]
V  [jvm.dll+0x74485d]
V  [jvm.dll+0x73d65a]
V  [jvm.dll+0x629c56]
C  [ucrtbase.dll+0x214c2]
C  [KERNEL32.DLL+0x17034]
C  [ntdll.dll+0x4d0d1]


---------------  P R O C E S S  ---------------

Threads class SMR info:
_java_thread_list=0x00000192f53e2330, length=12, elements={
0x00000192d5a12d40, 0x00000192f4534200, 0x00000192f4534ce0, 0x00000192f4550020,
0x00000192f4553d00, 0x00000192f4555620, 0x00000192f4559db0, 0x00000192f455a760,
0x00000192f4566570, 0x00000192f4558640, 0x00000192f4556490, 0x00000192f54573a0
}

Java Threads: ( => current thread )
  0x00000192d5a12d40 JavaThread "main" [_thread_in_native, id=13248, stack(0x0000000b3af00000,0x0000000b3b000000)]
  0x00000192f4534200 JavaThread "Reference Handler" daemon [_thread_blocked, id=5672, stack(0x0000000b3b600000,0x0000000b3b700000)]
  0x00000192f4534ce0 JavaThread "Finalizer" daemon [_thread_blocked, id=11456, stack(0x0000000b3b700000,0x0000000b3b800000)]
  0x00000192f4550020 JavaThread "Signal Dispatcher" daemon [_thread_blocked, id=4804, stack(0x0000000b3b800000,0x0000000b3b900000)]
  0x00000192f4553d00 JavaThread "Attach Listener" daemon [_thread_blocked, id=13292, stack(0x0000000b3b900000,0x0000000b3ba00000)]
  0x00000192f4555620 JavaThread "Service Thread" daemon [_thread_blocked, id=6516, stack(0x0000000b3ba00000,0x0000000b3bb00000)]
=>0x00000192f4559db0 JavaThread "C2 CompilerThread0" daemon [_thread_in_native, id=10536, stack(0x0000000b3bb00000,0x0000000b3bc00000)]
  0x00000192f455a760 JavaThread "C1 CompilerThread0" daemon [_thread_blocked, id=7192, stack(0x0000000b3bc00000,0x0000000b3bd00000)]
  0x00000192f4566570 JavaThread "Sweeper thread" daemon [_thread_blocked, id=4444, stack(0x0000000b3bd00000,0x0000000b3be00000)]
  0x00000192f4558640 JavaThread "Notification Thread" daemon [_thread_blocked, id=16164, stack(0x0000000b3be00000,0x0000000b3bf00000)]
  0x00000192f4556490 JavaThread "Common-Cleaner" daemon [_thread_blocked, id=15144, stack(0x0000000b3c000000,0x0000000b3c100000)]
  0x00000192f54573a0 JavaThread "C2 CompilerThread1" daemon [_thread_blocked, id=12316, stack(0x0000000b3c100000,0x0000000b3c200000)]

Other Threads:
  0x00000192f4532a70 VMThread "VM Thread" [stack: 0x0000000b3b500000,0x0000000b3b600000] [id=5248]
  0x00000192f53bdb00 WatcherThread [stack: 0x0000000b3bf00000,0x0000000b3c000000] [id=14572]
  0x00000192d5a53170 GCTaskThread "GC Thread#0" [stack: 0x0000000b3b000000,0x0000000b3b100000] [id=16820]
  0x00000192d5a660b0 ConcurrentGCThread "G1 Main Marker" [stack: 0x0000000b3b100000,0x0000000b3b200000] [id=2828]
  0x00000192d5a66bb0 ConcurrentGCThread "G1 Conc#0" [stack: 0x0000000b3b200000,0x0000000b3b300000] [id=1312]
  0x00000192f43a60d0 ConcurrentGCThread "G1 Refine#0" [stack: 0x0000000b3b300000,0x0000000b3b400000] [id=11180]
  0x00000192f43a6980 ConcurrentGCThread "G1 Young RemSet Sampling" [stack: 0x0000000b3b400000,0x0000000b3b500000] [id=15248]

Threads with active compile tasks:
C2 CompilerThread0      219  131       4       java.lang.AbstractStringBuilder::ensureCapacityInternal (39 bytes)

VM state: not at safepoint (normal execution)

VM Mutex/Monitor currently owned by a thread: None

Heap address: 0x0000000080a00000, size: 2038 MB, Compressed Oops mode: 32-bit
CDS archive(s) mapped at: [0x0000000800000000-0x0000000800b50000-0x0000000800b50000), size 11862016, SharedBaseAddress: 0x0000000800000000, ArchiveRelocationMode: 0.
Compressed class space mapped at: 0x0000000800b50000-0x0000000840b50000, size: 1073741824
Narrow klass base: 0x0000000800000000, Narrow klass shift: 3, Narrow klass range: 0x100000000

GC Precious Log:
 CPUs: 8 total, 8 available
 Memory: 8146M
 Large Page Support: Disabled
 NUMA Support: Disabled
 Compressed Oops: Enabled (32-bit)
 Heap Region Size: 1M
 Heap Min Capacity: 8M
 Heap Initial Capacity: 128M
 Heap Max Capacity: 2038M
 Pre-touch: Disabled
 Parallel Workers: 8
 Concurrent Workers: 2
 Concurrent Refinement Workers: 8
 Periodic GC: Disabled

Heap:
 garbage-first heap   total 131072K, used 2048K [0x0000000080a00000, 0x0000000100000000)
  region size 1024K, 3 young (3072K), 0 survivors (0K)
 Metaspace       used 541K, capacity 968K, committed 1280K, reserved 1060864K
  class space    used 37K, capacity 424K, committed 512K, reserved 1048576K

Heap Regions: E=young(eden), S=young(survivor), O=old, HS=humongous(starts), HC=humongous(continues), CS=collection set, F=free, OA=open archive, CA=closed archive, TAMS=top-at-mark-start (previous, next)
|   0|0x0000000080a00000, 0x0000000080a00000, 0x0000000080b00000|  0%| F|  |TAMS 0x0000000080a00000, 0x0000000080a00000| Untracked 
|   1|0x0000000080b00000, 0x0000000080b00000, 0x0000000080c00000|  0%| F|  |TAMS 0x0000000080b00000, 0x0000000080b00000| Untracked 
|   2|0x0000000080c00000, 0x0000000080c00000, 0x0000000080d00000|  0%| F|  |TAMS 0x0000000080c00000, 0x0000000080c00000| Untracked 
|   3|0x0000000080d00000, 0x0000000080d00000, 0x0000000080e00000|  0%| F|  |TAMS 0x0000000080d00000, 0x0000000080d00000| Untracked 
|   4|0x0000000080e00000, 0x0000000080e00000, 0x0000000080f00000|  0%| F|  |TAMS 0x0000000080e00000, 0x0000000080e00000| Untracked 
|   5|0x0000000080f00000, 0x0000000080f00000, 0x0000000081000000|  0%| F|  |TAMS 0x0000000080f00000, 0x0000000080f00000| Untracked 
|   6|0x0000000081000000, 0x0000000081000000, 0x0000000081100000|  0%| F|  |TAMS 0x0000000081000000, 0x0000000081000000| Untracked 
|   7|0x0000000081100000, 0x0000000081100000, 0x0000000081200000|  0%| F|  |TAMS 0x0000000081100000, 0x0000000081100000| Untracked 
|   8|0x0000000081200000, 0x0000000081200000, 0x0000000081300000|  0%| F|  |TAMS 0x0000000081200000, 0x0000000081200000| Untracked 
|   9|0x0000000081300000, 0x0000000081300000, 0x0000000081400000|  0%| F|  |TAMS 0x0000000081300000, 0x0000000081300000| Untracked 
|  10|0x0000000081400000, 0x0000000081400000, 0x0000000081500000|  0%| F|  |TAMS 0x0000000081400000, 0x0000000081400000| Untracked 
|  11|0x0000000081500000, 0x0000000081500000, 0x0000000081600000|  0%| F|  |TAMS 0x0000000081500000, 0x0000000081500000| Untracked 
|  12|0x0000000081600000, 0x0000000081600000, 0x0000000081700000|  0%| F|  |TAMS 0x0000000081600000, 0x0000000081600000| Untracked 
|  13|0x0000000081700000, 0x0000000081700000, 0x0000000081800000|  0%| F|  |TAMS 0x0000000081700000, 0x0000000081700000| Untracked 
|  14|0x0000000081800000, 0x0000000081800000, 0x0000000081900000|  0%| F|  |TAMS 0x0000000081800000, 0x0000000081800000| Untracked 
|  15|0x0000000081900000, 0x0000000081900000, 0x0000000081a00000|  0%| F|  |TAMS 0x0000000081900000, 0x0000000081900000| Untracked 
|  16|0x0000000081a00000, 0x0000000081a00000, 0x0000000081b00000|  0%| F|  |TAMS 0x0000000081a00000, 0x0000000081a00000| Untracked 
|  17|0x0000000081b00000, 0x0000000081b00000, 0x0000000081c00000|  0%| F|  |TAMS 0x0000000081b00000, 0x0000000081b00000| Untracked 
|  18|0x0000000081c00000, 0x0000000081c00000, 0x0000000081d00000|  0%| F|  |TAMS 0x0000000081c00000, 0x0000000081c00000| Untracked 
|  19|0x0000000081d00000, 0x0000000081d00000, 0x0000000081e00000|  0%| F|  |TAMS 0x0000000081d00000, 0x0000000081d00000| Untracked 
|  20|0x0000000081e00000, 0x0000000081e00000, 0x0000000081f00000|  0%| F|  |TAMS 0x0000000081e00000, 0x0000000081e00000| Untracked 
|  21|0x0000000081f00000, 0x0000000081f00000, 0x0000000082000000|  0%| F|  |TAMS 0x0000000081f00000, 0x0000000081f00000| Untracked 
|  22|0x0000000082000000, 0x0000000082000000, 0x0000000082100000|  0%| F|  |TAMS 0x0000000082000000, 0x0000000082000000| Untracked 
|  23|0x0000000082100000, 0x0000000082100000, 0x0000000082200000|  0%| F|  |TAMS 0x0000000082100000, 0x0000000082100000| Untracked 
|  24|0x0000000082200000, 0x0000000082200000, 0x0000000082300000|  0%| F|  |TAMS 0x0000000082200000, 0x0000000082200000| Untracked 
|  25|0x0000000082300000, 0x0000000082300000, 0x0000000082400000|  0%| F|  |TAMS 0x0000000082300000, 0x0000000082300000| Untracked 
|  26|0x0000000082400000, 0x0000000082400000, 0x0000000082500000|  0%| F|  |TAMS 0x0000000082400000, 0x0000000082400000| Untracked 
|  27|0x0000000082500000, 0x0000000082500000, 0x0000000082600000|  0%| F|  |TAMS 0x0000000082500000, 0x0000000082500000| Untracked 
|  28|0x0000000082600000, 0x0000000082600000, 0x0000000082700000|  0%| F|  |TAMS 0x0000000082600000, 0x0000000082600000| Untracked 
|  29|0x0000000082700000, 0x0000000082700000, 0x0000000082800000|  0%| F|  |TAMS 0x0000000082700000, 0x0000000082700000| Untracked 
|  30|0x0000000082800000, 0x0000000082800000, 0x0000000082900000|  0%| F|  |TAMS 0x0000000082800000, 0x0000000082800000| Untracked 
|  31|0x0000000082900000, 0x0000000082900000, 0x0000000082a00000|  0%| F|  |TAMS 0x0000000082900000, 0x0000000082900000| Untracked 
|  32|0x0000000082a00000, 0x0000000082a00000, 0x0000000082b00000|  0%| F|  |TAMS 0x0000000082a00000, 0x0000000082a00000| Untracked 
|  33|0x0000000082b00000, 0x0000000082b00000, 0x0000000082c00000|  0%| F|  |TAMS 0x0000000082b00000, 0x0000000082b00000| Untracked 
|  34|0x0000000082c00000, 0x0000000082c00000, 0x0000000082d00000|  0%| F|  |TAMS 0x0000000082c00000, 0x0000000082c00000| Untracked 
|  35|0x0000000082d00000, 0x0000000082d00000, 0x0000000082e00000|  0%| F|  |TAMS 0x0000000082d00000, 0x0000000082d00000| Untracked 
|  36|0x0000000082e00000, 0x0000000082e00000, 0x0000000082f00000|  0%| F|  |TAMS 0x0000000082e00000, 0x0000000082e00000| Untracked 
|  37|0x0000000082f00000, 0x0000000082f00000, 0x0000000083000000|  0%| F|  |TAMS 0x0000000082f00000, 0x0000000082f00000| Untracked 
|  38|0x0000000083000000, 0x0000000083000000, 0x0000000083100000|  0%| F|  |TAMS 0x0000000083000000, 0x0000000083000000| Untracked 
|  39|0x0000000083100000, 0x0000000083100000, 0x0000000083200000|  0%| F|  |TAMS 0x0000000083100000, 0x0000000083100000| Untracked 
|  40|0x0000000083200000, 0x0000000083200000, 0x0000000083300000|  0%| F|  |TAMS 0x0000000083200000, 0x0000000083200000| Untracked 
|  41|0x0000000083300000, 0x0000000083300000, 0x0000000083400000|  0%| F|  |TAMS 0x0000000083300000, 0x0000000083300000| Untracked 
|  42|0x0000000083400000, 0x0000000083400000, 0x0000000083500000|  0%| F|  |TAMS 0x0000000083400000, 0x0000000083400000| Untracked 
|  43|0x0000000083500000, 0x0000000083500000, 0x0000000083600000|  0%| F|  |TAMS 0x0000000083500000, 0x0000000083500000| Untracked 
|  44|0x0000000083600000, 0x0000000083600000, 0x0000000083700000|  0%| F|  |TAMS 0x0000000083600000, 0x0000000083600000| Untracked 
|  45|0x0000000083700000, 0x0000000083700000, 0x0000000083800000|  0%| F|  |TAMS 0x0000000083700000, 0x0000000083700000| Untracked 
|  46|0x0000000083800000, 0x0000000083800000, 0x0000000083900000|  0%| F|  |TAMS 0x0000000083800000, 0x0000000083800000| Untracked 
|  47|0x0000000083900000, 0x0000000083900000, 0x0000000083a00000|  0%| F|  |TAMS 0x0000000083900000, 0x0000000083900000| Untracked 
|  48|0x0000000083a00000, 0x0000000083a00000, 0x0000000083b00000|  0%| F|  |TAMS 0x0000000083a00000, 0x0000000083a00000| Untracked 
|  49|0x0000000083b00000, 0x0000000083b00000, 0x0000000083c00000|  0%| F|  |TAMS 0x0000000083b00000, 0x0000000083b00000| Untracked 
|  50|0x0000000083c00000, 0x0000000083c00000, 0x0000000083d00000|  0%| F|  |TAMS 0x0000000083c00000, 0x0000000083c00000| Untracked 
|  51|0x0000000083d00000, 0x0000000083d00000, 0x0000000083e00000|  0%| F|  |TAMS 0x0000000083d00000, 0x0000000083d00000| Untracked 
|  52|0x0000000083e00000, 0x0000000083e00000, 0x0000000083f00000|  0%| F|  |TAMS 0x0000000083e00000, 0x0000000083e00000| Untracked 
|  53|0x0000000083f00000, 0x0000000083f00000, 0x0000000084000000|  0%| F|  |TAMS 0x0000000083f00000, 0x0000000083f00000| Untracked 
|  54|0x0000000084000000, 0x0000000084000000, 0x0000000084100000|  0%| F|  |TAMS 0x0000000084000000, 0x0000000084000000| Untracked 
|  55|0x0000000084100000, 0x0000000084100000, 0x0000000084200000|  0%| F|  |TAMS 0x0000000084100000, 0x0000000084100000| Untracked 
|  56|0x0000000084200000, 0x0000000084200000, 0x0000000084300000|  0%| F|  |TAMS 0x0000000084200000, 0x0000000084200000| Untracked 
|  57|0x0000000084300000, 0x0000000084300000, 0x0000000084400000|  0%| F|  |TAMS 0x0000000084300000, 0x0000000084300000| Untracked 
|  58|0x0000000084400000, 0x0000000084400000, 0x0000000084500000|  0%| F|  |TAMS 0x0000000084400000, 0x0000000084400000| Untracked 
|  59|0x0000000084500000, 0x0000000084500000, 0x0000000084600000|  0%| F|  |TAMS 0x0000000084500000, 0x0000000084500000| Untracked 
|  60|0x0000000084600000, 0x0000000084600000, 0x0000000084700000|  0%| F|  |TAMS 0x0000000084600000, 0x0000000084600000| Untracked 
|  61|0x0000000084700000, 0x0000000084700000, 0x0000000084800000|  0%| F|  |TAMS 0x0000000084700000, 0x0000000084700000| Untracked 
|  62|0x0000000084800000, 0x0000000084800000, 0x0000000084900000|  0%| F|  |TAMS 0x0000000084800000, 0x0000000084800000| Untracked 
|  63|0x0000000084900000, 0x0000000084900000, 0x0000000084a00000|  0%| F|  |TAMS 0x0000000084900000, 0x0000000084900000| Untracked 
|  64|0x0000000084a00000, 0x0000000084a00000, 0x0000000084b00000|  0%| F|  |TAMS 0x0000000084a00000, 0x0000000084a00000| Untracked 
|  65|0x0000000084b00000, 0x0000000084b00000, 0x0000000084c00000|  0%| F|  |TAMS 0x0000000084b00000, 0x0000000084b00000| Untracked 
|  66|0x0000000084c00000, 0x0000000084c00000, 0x0000000084d00000|  0%| F|  |TAMS 0x0000000084c00000, 0x0000000084c00000| Untracked 
|  67|0x0000000084d00000, 0x0000000084d00000, 0x0000000084e00000|  0%| F|  |TAMS 0x0000000084d00000, 0x0000000084d00000| Untracked 
|  68|0x0000000084e00000, 0x0000000084e00000, 0x0000000084f00000|  0%| F|  |TAMS 0x0000000084e00000, 0x0000000084e00000| Untracked 
|  69|0x0000000084f00000, 0x0000000084f00000, 0x0000000085000000|  0%| F|  |TAMS 0x0000000084f00000, 0x0000000084f00000| Untracked 
|  70|0x0000000085000000, 0x0000000085000000, 0x0000000085100000|  0%| F|  |TAMS 0x0000000085000000, 0x0000000085000000| Untracked 
|  71|0x0000000085100000, 0x0000000085100000, 0x0000000085200000|  0%| F|  |TAMS 0x0000000085100000, 0x0000000085100000| Untracked 
|  72|0x0000000085200000, 0x0000000085200000, 0x0000000085300000|  0%| F|  |TAMS 0x0000000085200000, 0x0000000085200000| Untracked 
|  73|0x0000000085300000, 0x0000000085300000, 0x0000000085400000|  0%| F|  |TAMS 0x0000000085300000, 0x0000000085300000| Untracked 
|  74|0x0000000085400000, 0x0000000085400000, 0x0000000085500000|  0%| F|  |TAMS 0x0000000085400000, 0x0000000085400000| Untracked 
|  75|0x0000000085500000, 0x0000000085500000, 0x0000000085600000|  0%| F|  |TAMS 0x0000000085500000, 0x0000000085500000| Untracked 
|  76|0x0000000085600000, 0x0000000085600000, 0x0000000085700000|  0%| F|  |TAMS 0x0000000085600000, 0x0000000085600000| Untracked 
|  77|0x0000000085700000, 0x0000000085700000, 0x0000000085800000|  0%| F|  |TAMS 0x0000000085700000, 0x0000000085700000| Untracked 
|  78|0x0000000085800000, 0x0000000085800000, 0x0000000085900000|  0%| F|  |TAMS 0x0000000085800000, 0x0000000085800000| Untracked 
|  79|0x0000000085900000, 0x0000000085900000, 0x0000000085a00000|  0%| F|  |TAMS 0x0000000085900000, 0x0000000085900000| Untracked 
|  80|0x0000000085a00000, 0x0000000085a00000, 0x0000000085b00000|  0%| F|  |TAMS 0x0000000085a00000, 0x0000000085a00000| Untracked 
|  81|0x0000000085b00000, 0x0000000085b00000, 0x0000000085c00000|  0%| F|  |TAMS 0x0000000085b00000, 0x0000000085b00000| Untracked 
|  82|0x0000000085c00000, 0x0000000085c00000, 0x0000000085d00000|  0%| F|  |TAMS 0x0000000085c00000, 0x0000000085c00000| Untracked 
|  83|0x0000000085d00000, 0x0000000085d00000, 0x0000000085e00000|  0%| F|  |TAMS 0x0000000085d00000, 0x0000000085d00000| Untracked 
|  84|0x0000000085e00000, 0x0000000085e00000, 0x0000000085f00000|  0%| F|  |TAMS 0x0000000085e00000, 0x0000000085e00000| Untracked 
|  85|0x0000000085f00000, 0x0000000085f00000, 0x0000000086000000|  0%| F|  |TAMS 0x0000000085f00000, 0x0000000085f00000| Untracked 
|  86|0x0000000086000000, 0x0000000086000000, 0x0000000086100000|  0%| F|  |TAMS 0x0000000086000000, 0x0000000086000000| Untracked 
|  87|0x0000000086100000, 0x0000000086100000, 0x0000000086200000|  0%| F|  |TAMS 0x0000000086100000, 0x0000000086100000| Untracked 
|  88|0x0000000086200000, 0x0000000086200000, 0x0000000086300000|  0%| F|  |TAMS 0x0000000086200000, 0x0000000086200000| Untracked 
|  89|0x0000000086300000, 0x0000000086300000, 0x0000000086400000|  0%| F|  |TAMS 0x0000000086300000, 0x0000000086300000| Untracked 
|  90|0x0000000086400000, 0x0000000086400000, 0x0000000086500000|  0%| F|  |TAMS 0x0000000086400000, 0x0000000086400000| Untracked 
|  91|0x0000000086500000, 0x0000000086500000, 0x0000000086600000|  0%| F|  |TAMS 0x0000000086500000, 0x0000000086500000| Untracked 
|  92|0x0000000086600000, 0x0000000086600000, 0x0000000086700000|  0%| F|  |TAMS 0x0000000086600000, 0x0000000086600000| Untracked 
|  93|0x0000000086700000, 0x0000000086700000, 0x0000000086800000|  0%| F|  |TAMS 0x0000000086700000, 0x0000000086700000| Untracked 
|  94|0x0000000086800000, 0x0000000086800000, 0x0000000086900000|  0%| F|  |TAMS 0x0000000086800000, 0x0000000086800000| Untracked 
|  95|0x0000000086900000, 0x0000000086900000, 0x0000000086a00000|  0%| F|  |TAMS 0x0000000086900000, 0x0000000086900000| Untracked 
|  96|0x0000000086a00000, 0x0000000086a00000, 0x0000000086b00000|  0%| F|  |TAMS 0x0000000086a00000, 0x0000000086a00000| Untracked 
|  97|0x0000000086b00000, 0x0000000086b00000, 0x0000000086c00000|  0%| F|  |TAMS 0x0000000086b00000, 0x0000000086b00000| Untracked 
|  98|0x0000000086c00000, 0x0000000086c00000, 0x0000000086d00000|  0%| F|  |TAMS 0x0000000086c00000, 0x0000000086c00000| Untracked 
|  99|0x0000000086d00000, 0x0000000086d00000, 0x0000000086e00000|  0%| F|  |TAMS 0x0000000086d00000, 0x0000000086d00000| Untracked 
| 100|0x0000000086e00000, 0x0000000086e00000, 0x0000000086f00000|  0%| F|  |TAMS 0x0000000086e00000, 0x0000000086e00000| Untracked 
| 101|0x0000000086f00000, 0x0000000086f00000, 0x0000000087000000|  0%| F|  |TAMS 0x0000000086f00000, 0x0000000086f00000| Untracked 
| 102|0x0000000087000000, 0x0000000087000000, 0x0000000087100000|  0%| F|  |TAMS 0x0000000087000000, 0x0000000087000000| Untracked 
| 103|0x0000000087100000, 0x0000000087100000, 0x0000000087200000|  0%| F|  |TAMS 0x0000000087100000, 0x0000000087100000| Untracked 
| 104|0x0000000087200000, 0x0000000087200000, 0x0000000087300000|  0%| F|  |TAMS 0x0000000087200000, 0x0000000087200000| Untracked 
| 105|0x0000000087300000, 0x0000000087300000, 0x0000000087400000|  0%| F|  |TAMS 0x0000000087300000, 0x0000000087300000| Untracked 
| 106|0x0000000087400000, 0x0000000087400000, 0x0000000087500000|  0%| F|  |TAMS 0x0000000087400000, 0x0000000087400000| Untracked 
| 107|0x0000000087500000, 0x0000000087500000, 0x0000000087600000|  0%| F|  |TAMS 0x0000000087500000, 0x0000000087500000| Untracked 
| 108|0x0000000087600000, 0x0000000087600000, 0x0000000087700000|  0%| F|  |TAMS 0x0000000087600000, 0x0000000087600000| Untracked 
| 109|0x0000000087700000, 0x0000000087700000, 0x0000000087800000|  0%| F|  |TAMS 0x0000000087700000, 0x0000000087700000| Untracked 
| 110|0x0000000087800000, 0x0000000087800000, 0x0000000087900000|  0%| F|  |TAMS 0x0000000087800000, 0x0000000087800000| Untracked 
| 111|0x0000000087900000, 0x0000000087900000, 0x0000000087a00000|  0%| F|  |TAMS 0x0000000087900000, 0x0000000087900000| Untracked 
| 112|0x0000000087a00000, 0x0000000087a00000, 0x0000000087b00000|  0%| F|  |TAMS 0x0000000087a00000, 0x0000000087a00000| Untracked 
| 113|0x0000000087b00000, 0x0000000087b00000, 0x0000000087c00000|  0%| F|  |TAMS 0x0000000087b00000, 0x0000000087b00000| Untracked 
| 114|0x0000000087c00000, 0x0000000087c00000, 0x0000000087d00000|  0%| F|  |TAMS 0x0000000087c00000, 0x0000000087c00000| Untracked 
| 115|0x0000000087d00000, 0x0000000087d00000, 0x0000000087e00000|  0%| F|  |TAMS 0x0000000087d00000, 0x0000000087d00000| Untracked 
| 116|0x0000000087e00000, 0x0000000087e00000, 0x0000000087f00000|  0%| F|  |TAMS 0x0000000087e00000, 0x0000000087e00000| Untracked 
| 117|0x0000000087f00000, 0x0000000087f00000, 0x0000000088000000|  0%| F|  |TAMS 0x0000000087f00000, 0x0000000087f00000| Untracked 
| 118|0x0000000088000000, 0x0000000088000000, 0x0000000088100000|  0%| F|  |TAMS 0x0000000088000000, 0x0000000088000000| Untracked 
| 119|0x0000000088100000, 0x0000000088100000, 0x0000000088200000|  0%| F|  |TAMS 0x0000000088100000, 0x0000000088100000| Untracked 
| 120|0x0000000088200000, 0x0000000088200000, 0x0000000088300000|  0%| F|  |TAMS 0x0000000088200000, 0x0000000088200000| Untracked 
| 121|0x0000000088300000, 0x0000000088300000, 0x0000000088400000|  0%| F|  |TAMS 0x0000000088300000, 0x0000000088300000| Untracked 
| 122|0x0000000088400000, 0x0000000088400000, 0x0000000088500000|  0%| F|  |TAMS 0x0000000088400000, 0x0000000088400000| Untracked 
| 123|0x0000000088500000, 0x0000000088500000, 0x0000000088600000|  0%| F|  |TAMS 0x0000000088500000, 0x0000000088500000| Untracked 
| 124|0x0000000088600000, 0x0000000088600000, 0x0000000088700000|  0%| F|  |TAMS 0x0000000088600000, 0x0000000088600000| Untracked 
| 125|0x0000000088700000, 0x00000000887857f0, 0x0000000088800000| 52%| E|  |TAMS 0x0000000088700000, 0x0000000088700000| Complete 
| 126|0x0000000088800000, 0x0000000088900000, 0x0000000088900000|100%| E|CS|TAMS 0x0000000088800000, 0x0000000088800000| Complete 
| 127|0x0000000088900000, 0x0000000088a00000, 0x0000000088a00000|100%| E|CS|TAMS 0x0000000088900000, 0x0000000088900000| Complete 

Card table byte_map: [0x00000192ed340000,0x00000192ed740000] _byte_map_base: 0x00000192ecf3b000

Marking Bits (Prev, Next): (CMBitMap*) 0x00000192d5a54880, (CMBitMap*) 0x00000192d5a548c0
 Prev Bits: [0x00000192edb40000, 0x00000192efb18000)
 Next Bits: [0x00000192efb20000, 0x00000192f1af8000)

Polling page: 0x00000192d38e0000

Metaspace:

Usage:
  Non-class:    608.00 KB capacity,   538.06 KB ( 88%) used,    68.88 KB ( 11%) free+waste,     1.06 KB ( <1%) overhead. 
      Class:    426.00 KB capacity,    40.24 KB (  9%) used,   385.32 KB ( 90%) free+waste,   448 bytes ( <1%) overhead. 
       Both:      1.01 MB capacity,   578.30 KB ( 56%) used,   454.20 KB ( 44%) free+waste,     1.50 KB ( <1%) overhead. 

Virtual space:
  Non-class space:       12.00 MB reserved,     768.00 KB (  6%) committed 
      Class space:        1.00 GB reserved,     512.00 KB ( <1%) committed 
             Both:        1.01 GB reserved,       1.25 MB ( <1%) committed 

Chunk freelists:
   Non-Class:  28.00 KB
       Class:  22.00 KB
        Both:  50.00 KB

MaxMetaspaceSize: 17179869184.00 GB
CompressedClassSpaceSize: 1.00 GB

CodeHeap 'non-profiled nmethods': size=120000Kb used=38Kb max_used=38Kb free=119961Kb
 bounds [0x00000192e56e0000, 0x00000192e5950000, 0x00000192ecc10000]
CodeHeap 'profiled nmethods': size=120000Kb used=228Kb max_used=228Kb free=119771Kb
 bounds [0x00000192de1b0000, 0x00000192de420000, 0x00000192e56e0000]
CodeHeap 'non-nmethods': size=5760Kb used=1076Kb max_used=1090Kb free=4683Kb
 bounds [0x00000192ddc10000, 0x00000192dde80000, 0x00000192de1b0000]
 total_blobs=474 nmethods=168 adapters=219
 compilation: enabled
              stopped_count=0, restarted_count=0
 full_count=0

Compilation events (20 events):
Event: 0.148 Thread 0x00000192f455a760 nmethod 125 0x00000192de1d8a90 code [0x00000192de1d8c80, 0x00000192de1d93f8]
Event: 0.148 Thread 0x00000192f455a760  126       3       java.net.URLStreamHandler::equals (29 bytes)
Event: 0.148 Thread 0x00000192f455a760 nmethod 126 0x00000192de1d9590 code [0x00000192de1d9760, 0x00000192de1d9b98]
Event: 0.148 Thread 0x00000192f455a760  127       3       java.net.URLStreamHandler::sameFile (136 bytes)
Event: 0.149 Thread 0x00000192f455a760 nmethod 127 0x00000192de1d9d10 code [0x00000192de1d9f20, 0x00000192de1da788]
Event: 0.149 Thread 0x00000192f455a760  128       3       java.lang.StringLatin1::replace (198 bytes)
Event: 0.150 Thread 0x00000192f455a760 nmethod 128 0x00000192de1da990 code [0x00000192de1dac00, 0x00000192de1db948]
Event: 0.150 Thread 0x00000192f455a760  129       3       java.net.URI$Parser::scan (76 bytes)
Event: 0.151 Thread 0x00000192f455a760 nmethod 129 0x00000192de1dbe10 code [0x00000192de1dc040, 0x00000192de1dc8d8]
Event: 0.151 Thread 0x00000192f455a760  130       3       java.net.URI$Parser::at (23 bytes)
Event: 0.151 Thread 0x00000192f455a760 nmethod 130 0x00000192de1dcc90 code [0x00000192de1dcea0, 0x00000192de1dd4b8]
Event: 0.152 Thread 0x00000192f4559db0  131       4       java.lang.AbstractStringBuilder::ensureCapacityInternal (39 bytes)
Event: 0.152 Thread 0x00000192f455a760  132       3       java.io.WinNTFileSystem::isSlash (18 bytes)
Event: 0.152 Thread 0x00000192f455a760 nmethod 132 0x00000192de1dd790 code [0x00000192de1dd920, 0x00000192de1ddab8]
Event: 0.155 Thread 0x00000192f455a760  133       3       java.util.zip.ZipUtils::LG (22 bytes)
Event: 0.155 Thread 0x00000192f455a760 nmethod 133 0x00000192de1ddb90 code [0x00000192de1ddd40, 0x00000192de1ddf98]
Event: 0.155 Thread 0x00000192f455a760  136       3       java.util.zip.ZipCoder$UTF8ZipCoder::normalizedHash (81 bytes)
Event: 0.156 Thread 0x00000192f455a760 nmethod 136 0x00000192de1de110 code [0x00000192de1de2e0, 0x00000192de1de6a8]
Event: 0.156 Thread 0x00000192f455a760  134   !   3       java.util.zip.ZipFile$Source::checkUTF8 (43 bytes)
Event: 0.157 Thread 0x00000192f455a760 nmethod 134 0x00000192de1de810 code [0x00000192de1dea00, 0x00000192de1dee98]

GC Heap History (0 events):
No events

Deoptimization events (0 events):
No events

Classes unloaded (0 events):
No events

Classes redefined (0 events):
No events

Internal exceptions (0 events):
No events

Events (20 events):
Event: 0.130 loading class java/io/InputStreamReader
Event: 0.130 loading class java/io/InputStreamReader done
Event: 0.130 loading class java/io/FileNotFoundException
Event: 0.130 loading class java/io/FileNotFoundException done
Event: 0.130 loading class java/io/FilenameFilter
Event: 0.130 loading class java/io/FilenameFilter done
Event: 0.130 loading class java/io/BufferedReader
Event: 0.130 loading class java/io/BufferedReader done
Event: 0.130 loading class sun/nio/cs/StreamDecoder
Event: 0.130 loading class sun/nio/cs/StreamDecoder done
Event: 0.131 loading class java/util/TreeSet
Event: 0.132 loading class java/util/TreeSet done
Event: 0.151 loading class java/util/TreeMap$KeySet
Event: 0.151 loading class java/util/TreeMap$KeySet done
Event: 0.151 loading class java/util/TreeMap$KeyIterator
Event: 0.151 loading class java/util/TreeMap$KeyIterator done
Event: 0.152 loading class java/net/URLClassLoader$1
Event: 0.152 loading class java/net/URLClassLoader$1 done
Event: 0.152 loading class jdk/internal/loader/URLClassPath$FileLoader
Event: 0.152 loading class jdk/internal/loader/URLClassPath$FileLoader done


Dynamic libraries:
0x00007ff6ede30000 - 0x00007ff6ede3f000 	C:\Program Files\Java\jdk-15.0.1\bin\java.exe
0x00007ffa9d1b0000 - 0x00007ffa9d3a6000 	C:\Windows\SYSTEM32\ntdll.dll
0x00007ffa9b6e0000 - 0x00007ffa9b79d000 	C:\Windows\System32\KERNEL32.DLL
0x00007ffa9a8f0000 - 0x00007ffa9abb9000 	C:\Windows\System32\KERNELBASE.dll
0x00007ffa9af00000 - 0x00007ffa9b000000 	C:\Windows\System32\ucrtbase.dll
0x00007ffa8d5f0000 - 0x00007ffa8d608000 	C:\Program Files\Java\jdk-15.0.1\bin\jli.dll
0x00007ffa9c380000 - 0x00007ffa9c42c000 	C:\Windows\System32\ADVAPI32.dll
0x00007ffa9cd70000 - 0x00007ffa9ce0e000 	C:\Windows\System32\msvcrt.dll
0x00007ffa9c430000 - 0x00007ffa9c4cc000 	C:\Windows\System32\sechost.dll
0x00007ffa9ca90000 - 0x00007ffa9cbbb000 	C:\Windows\System32\RPCRT4.dll
0x00007ffa9c830000 - 0x00007ffa9c9d0000 	C:\Windows\System32\USER32.dll
0x00007ffa9b000000 - 0x00007ffa9b022000 	C:\Windows\System32\win32u.dll
0x00007ffa9ca30000 - 0x00007ffa9ca5a000 	C:\Windows\System32\GDI32.dll
0x00007ffa9b030000 - 0x00007ffa9b139000 	C:\Windows\System32\gdi32full.dll
0x00007ffa9b170000 - 0x00007ffa9b20d000 	C:\Windows\System32\msvcp_win.dll
0x00007ffa8e3f0000 - 0x00007ffa8e68b000 	C:\Windows\WinSxS\amd64_microsoft.windows.common-controls_6595b64144ccf1df_6.0.19041.488_none_ca04af081b815d21\COMCTL32.dll
0x00007ffa95380000 - 0x00007ffa9538a000 	C:\Windows\SYSTEM32\VERSION.dll
0x00007ffa894f0000 - 0x00007ffa89509000 	C:\Program Files\Java\jdk-15.0.1\bin\VCRUNTIME140.dll
0x00007ffa9ca60000 - 0x00007ffa9ca90000 	C:\Windows\System32\IMM32.DLL
0x00007ffa96080000 - 0x00007ffa9608c000 	C:\Program Files\Java\jdk-15.0.1\bin\vcruntime140_1.dll
0x00007ffa62ad0000 - 0x00007ffa62b61000 	C:\Program Files\Java\jdk-15.0.1\bin\msvcp140.dll
0x00007ffa3a3c0000 - 0x00007ffa3af1e000 	C:\Program Files\Java\jdk-15.0.1\bin\server\jvm.dll
0x00007ffa9cd00000 - 0x00007ffa9cd08000 	C:\Windows\System32\PSAPI.DLL
0x00007ffa7cf60000 - 0x00007ffa7cf69000 	C:\Windows\SYSTEM32\WSOCK32.dll
0x00007ffa9b3a0000 - 0x00007ffa9b40b000 	C:\Windows\System32\WS2_32.dll
0x00007ffa91d10000 - 0x00007ffa91d37000 	C:\Windows\SYSTEM32\WINMM.dll
0x00007ffa98860000 - 0x00007ffa98872000 	C:\Windows\SYSTEM32\kernel.appcore.dll
0x00007ffa95cc0000 - 0x00007ffa95cca000 	C:\Program Files\Java\jdk-15.0.1\bin\jimage.dll
0x00007ffa87790000 - 0x00007ffa87974000 	C:\Windows\SYSTEM32\DBGHELP.DLL
0x00007ffa87600000 - 0x00007ffa8762c000 	C:\Windows\SYSTEM32\dbgcore.DLL
0x00007ffa9ad80000 - 0x00007ffa9ae00000 	C:\Windows\System32\bcryptPrimitives.dll
0x00007ffa7be80000 - 0x00007ffa7bea5000 	C:\Program Files\Java\jdk-15.0.1\bin\java.dll
0x00007ffa9b7a0000 - 0x00007ffa9bee2000 	C:\Windows\System32\SHELL32.dll
0x00007ffa98a60000 - 0x00007ffa991f5000 	C:\Windows\SYSTEM32\windows.storage.dll
0x00007ffa9ce10000 - 0x00007ffa9d166000 	C:\Windows\System32\combase.dll
0x00007ffa9a360000 - 0x00007ffa9a38c000 	C:\Windows\SYSTEM32\Wldp.dll
0x00007ffa9cc50000 - 0x00007ffa9ccfe000 	C:\Windows\System32\SHCORE.dll
0x00007ffa9b340000 - 0x00007ffa9b395000 	C:\Windows\System32\shlwapi.dll
0x00007ffa9a820000 - 0x00007ffa9a846000 	C:\Windows\SYSTEM32\profapi.dll
0x00007ffa7bda0000 - 0x00007ffa7bdb9000 	C:\Program Files\Java\jdk-15.0.1\bin\net.dll
0x00007ffa94550000 - 0x00007ffa94650000 	C:\Windows\SYSTEM32\WINHTTP.dll
0x00007ffa9a0e0000 - 0x00007ffa9a14a000 	C:\Windows\system32\mswsock.dll
0x00007ffa79790000 - 0x00007ffa797a2000 	C:\Program Files\Java\jdk-15.0.1\bin\nio.dll
0x00007ffa77ea0000 - 0x00007ffa77eb8000 	C:\Program Files\Java\jdk-15.0.1\bin\zip.dll

dbghelp: loaded successfully - version: 4.0.5 - missing functions: none
symbol engine: initialized successfully - sym options: 0x614 - pdb path: .;C:\Program Files\Java\jdk-15.0.1\bin;C:\Windows\SYSTEM32;C:\Windows\WinSxS\amd64_microsoft.windows.common-controls_6595b64144ccf1df_6.0.19041.488_none_ca04af081b815d21;C:\Program Files\Java\jdk-15.0.1\bin\server

VM Arguments:
jvm_args: -Dclassworlds.conf=C:\Program Files\Apache Software Foundation\apache-maven-3.6.3\bin\..\bin\m2.conf -Dmaven.home=C:\Program Files\Apache Software Foundation\apache-maven-3.6.3\bin\.. -Dlibrary.jansi.path=C:\Program Files\Apache Software Foundation\apache-maven-3.6.3\bin\..\lib\jansi-native -Dmaven.multiModuleProjectDirectory=D:\All\Dev\Bingo 
java_command: org.codehaus.plexus.classworlds.launcher.Launcher package
java_class_path (initial): C:\Program Files\Apache Software Foundation\apache-maven-3.6.3\bin\..\boot\plexus-classworlds-2.6.0.jar
Launcher Type: SUN_STANDARD

[Global flags]
     intx CICompilerCount                          = 4                                         {product} {ergonomic}
     uint ConcGCThreads                            = 2                                         {product} {ergonomic}
     uint G1ConcRefinementThreads                  = 8                                         {product} {ergonomic}
   size_t G1HeapRegionSize                         = 1048576                                   {product} {ergonomic}
    uintx GCDrainStackTargetSize                   = 64                                        {product} {ergonomic}
   size_t InitialHeapSize                          = 134217728                                 {product} {ergonomic}
   size_t MarkStackSize                            = 4194304                                   {product} {ergonomic}
   size_t MaxHeapSize                              = 2136997888                                {product} {ergonomic}
   size_t MaxNewSize                               = 1281359872                                {product} {ergonomic}
   size_t MinHeapDeltaBytes                        = 1048576                                   {product} {ergonomic}
   size_t MinHeapSize                              = 8388608                                   {product} {ergonomic}
    uintx NonNMethodCodeHeapSize                   = 5839372                                {pd product} {ergonomic}
    uintx NonProfiledCodeHeapSize                  = 122909434                              {pd product} {ergonomic}
    uintx ProfiledCodeHeapSize                     = 122909434                              {pd product} {ergonomic}
    uintx ReservedCodeCacheSize                    = 251658240                              {pd product} {ergonomic}
     bool SegmentedCodeCache                       = true                                      {product} {ergonomic}
   size_t SoftMaxHeapSize                          = 2136997888                             {manageable} {ergonomic}
     bool UseCompressedClassPointers               = true                                 {lp64_product} {ergonomic}
     bool UseCompressedOops                        = true                                 {lp64_product} {ergonomic}
     bool UseG1GC                                  = true                                      {product} {ergonomic}
     bool UseLargePagesIndividualAllocation        = false                                  {pd product} {ergonomic}

Logging:
Log output configuration:
 #0: stdout all=warning uptime,level,tags
 #1: stderr all=off uptime,level,tags

Environment Variables:
JAVA_HOME=C:\Program Files\Java\jdk-15.0.1
PATH=C:\Program Files\Java\jdk-15.0.1\bin;C:\Windows\system32;C:\Windows;C:\Windows\System32\Wbem;C:\Windows\System32\WindowsPowerShell\v1.0\;C:\Windows\System32\OpenSSH\;C:\Program Files\Git\cmd;C:\Program Files (x86)\Windows Kits\8.1\Windows Performance Toolkit\;C:\ProgramData\chocolatey\bin;C:\Program Files\NVIDIA Corporation\NVIDIA NvDLISR;C:\Program Files (x86)\NVIDIA Corporation\PhysX\Common;C:\Program Files\Apache Software Foundation\apache-maven-3.6.3\bin;C:\Users\mrblo\.cargo\bin;C:\Users\mrblo\AppData\Local\Programs\Python\Python39-32\Scripts\;C:\Users\mrblo\AppData\Local\Programs\Python\Python39-32\;C:\Users\mrblo\AppData\Local\Programs\Python\Python39\Scripts\;C:\Users\mrblo\AppData\Local\Programs\Python\Python39\;C:\Users\mrblo\AppData\Local\Microsoft\WindowsApps;C:\Users\mrblo\AppData\Local\GitHubDesktop\bin;C:\Users\mrblo\AppData\Local\hyper\app-3.0.2\resources\bin
USERNAME=mrblo
OS=Windows_NT
PROCESSOR_IDENTIFIER=AMD64 Family 23 Model 1 Stepping 1, AuthenticAMD



---------------  S Y S T E M  ---------------

OS:
 Windows 10 , 64 bit Build 19041 (10.0.19041.662)
OS uptime: 0 days 7:30 hours

CPU: total 8 (initial active 8) (8 cores per cpu, 2 threads per core) family 23 model 1 stepping 1 microcode 0x0, cmov, cx8, fxsr, mmx, sse, sse2, sse3, ssse3, sse4.1, sse4.2, popcnt, vzeroupper, avx, avx2, aes, clmul, 3dnowpref, lzcnt, sse4a, ht, tsc, tscinvbit, tscinv, bmi1, bmi2, adx, sha, fma, clflush, clflushopt

Memory: 4k page, system-wide physical 8146M (1650M free)
TotalPageFile size 16273M (AvailPageFile size 1M)
current process WorkingSet (physical memory assigned to process): 32M, peak: 32M
current process commit charge ("private bytes"): 212M, peak: 212M

vm_info: Java HotSpot(TM) 64-Bit Server VM (15.0.1+9-18) for windows-amd64 JRE (15.0.1+9-18), built on Sep 15 2020 14:43:54 by "mach5one" with unknown MS VC++:1925

END.
